{"C:\\Users\\bluen\\Documents\\CSE115A\\Pantry\\frontend\\src\\components\\App.js": {"path":"C:\\Users\\bluen\\Documents\\CSE115A\\Pantry\\frontend\\src\\components\\App.js","statementMap":{"0":{"start":{"line":24,"column":25},"end":{"line":24,"column":46}},"1":{"start":{"line":27,"column":25},"end":{"line":27,"column":34}},"2":{"start":{"line":28,"column":40},"end":{"line":28,"column":61}},"3":{"start":{"line":29,"column":40},"end":{"line":29,"column":58}},"4":{"start":{"line":30,"column":46},"end":{"line":30,"column":64}},"5":{"start":{"line":31,"column":36},"end":{"line":31,"column":63}},"6":{"start":{"line":32,"column":30},"end":{"line":32,"column":48}},"7":{"start":{"line":33,"column":15},"end":{"line":33,"column":44}},"8":{"start":{"line":34,"column":13},"end":{"line":34,"column":18}},"9":{"start":{"line":36,"column":2},"end":{"line":39,"column":5}},"10":{"start":{"line":37,"column":4},"end":{"line":37,"column":33}},"11":{"start":{"line":38,"column":4},"end":{"line":38,"column":31}},"12":{"start":{"line":41,"column":2},"end":{"line":62,"column":4}}},"fnMap":{"0":{"name":"App","decl":{"start":{"line":26,"column":9},"end":{"line":26,"column":12}},"loc":{"start":{"line":26,"column":15},"end":{"line":63,"column":1}},"line":26},"1":{"name":"(anonymous_1)","decl":{"start":{"line":36,"column":9},"end":{"line":36,"column":10}},"loc":{"start":{"line":36,"column":15},"end":{"line":39,"column":3}},"line":36}},"branchMap":{"0":{"loc":{"start":{"line":53,"column":17},"end":{"line":53,"column":61}},"type":"cond-expr","locations":[{"start":{"line":53,"column":24},"end":{"line":53,"column":50}},{"start":{"line":53,"column":53},"end":{"line":53,"column":61}}],"line":53}},"s":{"0":1,"1":3,"2":2,"3":2,"4":2,"5":2,"6":2,"7":2,"8":2,"9":2,"10":0,"11":0,"12":2},"f":{"0":3,"1":0},"b":{"0":[0,2]},"_coverageSchema":"1a1c01bbd47fc00a2c39e90264f33305004495a9","hash":"4816956b99a94f5ecf68c1857f439afec995fb01"}
,"C:\\Users\\bluen\\Documents\\CSE115A\\Pantry\\frontend\\src\\components\\Login.js": {"path":"C:\\Users\\bluen\\Documents\\CSE115A\\Pantry\\frontend\\src\\components\\Login.js","statementMap":{"0":{"start":{"line":21,"column":26},"end":{"line":21,"column":67}},"1":{"start":{"line":22,"column":25},"end":{"line":22,"column":34}},"2":{"start":{"line":23,"column":19},"end":{"line":23,"column":32}},"3":{"start":{"line":25,"column":28},"end":{"line":31,"column":3}},"4":{"start":{"line":26,"column":26},"end":{"line":26,"column":38}},"5":{"start":{"line":28,"column":14},"end":{"line":28,"column":18}},"6":{"start":{"line":29,"column":4},"end":{"line":29,"column":20}},"7":{"start":{"line":30,"column":4},"end":{"line":30,"column":15}},"8":{"start":{"line":33,"column":28},"end":{"line":35,"column":3}},"9":{"start":{"line":34,"column":4},"end":{"line":34,"column":31}},"10":{"start":{"line":37,"column":24},"end":{"line":61,"column":3}},"11":{"start":{"line":38,"column":4},"end":{"line":38,"column":27}},"12":{"start":{"line":40,"column":4},"end":{"line":60,"column":9}},"13":{"start":{"line":48,"column":8},"end":{"line":50,"column":9}},"14":{"start":{"line":49,"column":10},"end":{"line":49,"column":25}},"15":{"start":{"line":51,"column":8},"end":{"line":51,"column":31}},"16":{"start":{"line":54,"column":8},"end":{"line":54,"column":35}},"17":{"start":{"line":55,"column":8},"end":{"line":55,"column":44}},"18":{"start":{"line":58,"column":8},"end":{"line":58,"column":27}},"19":{"start":{"line":59,"column":8},"end":{"line":59,"column":52}},"20":{"start":{"line":63,"column":2},"end":{"line":148,"column":4}}},"fnMap":{"0":{"name":"Login","decl":{"start":{"line":20,"column":9},"end":{"line":20,"column":14}},"loc":{"start":{"line":20,"column":17},"end":{"line":149,"column":1}},"line":20},"1":{"name":"(anonymous_1)","decl":{"start":{"line":25,"column":28},"end":{"line":25,"column":29}},"loc":{"start":{"line":25,"column":39},"end":{"line":31,"column":3}},"line":25},"2":{"name":"(anonymous_2)","decl":{"start":{"line":33,"column":28},"end":{"line":33,"column":29}},"loc":{"start":{"line":33,"column":39},"end":{"line":35,"column":3}},"line":33},"3":{"name":"(anonymous_3)","decl":{"start":{"line":37,"column":24},"end":{"line":37,"column":25}},"loc":{"start":{"line":37,"column":35},"end":{"line":61,"column":3}},"line":37},"4":{"name":"(anonymous_4)","decl":{"start":{"line":47,"column":12},"end":{"line":47,"column":13}},"loc":{"start":{"line":47,"column":26},"end":{"line":52,"column":7}},"line":47},"5":{"name":"(anonymous_5)","decl":{"start":{"line":53,"column":12},"end":{"line":53,"column":13}},"loc":{"start":{"line":53,"column":22},"end":{"line":56,"column":7}},"line":53},"6":{"name":"(anonymous_6)","decl":{"start":{"line":57,"column":13},"end":{"line":57,"column":14}},"loc":{"start":{"line":57,"column":24},"end":{"line":60,"column":7}},"line":57}},"branchMap":{"0":{"loc":{"start":{"line":48,"column":8},"end":{"line":50,"column":9}},"type":"if","locations":[{"start":{"line":48,"column":8},"end":{"line":50,"column":9}},{"start":{},"end":{}}],"line":48}},"s":{"0":3,"1":2,"2":2,"3":2,"4":0,"5":0,"6":0,"7":0,"8":2,"9":0,"10":2,"11":1,"12":1,"13":0,"14":0,"15":0,"16":0,"17":0,"18":0,"19":0,"20":2},"f":{"0":3,"1":0,"2":0,"3":1,"4":0,"5":0,"6":0},"b":{"0":[0,0]},"_coverageSchema":"1a1c01bbd47fc00a2c39e90264f33305004495a9","hash":"a7785e1e0c1726990f071e9a7fb68d21ae532116"}
,"C:\\Users\\bluen\\Documents\\CSE115A\\Pantry\\frontend\\src\\components\\MainScreen.js": {"path":"C:\\Users\\bluen\\Documents\\CSE115A\\Pantry\\frontend\\src\\components\\MainScreen.js","statementMap":{"0":{"start":{"line":18,"column":25},"end":{"line":18,"column":34}},"1":{"start":{"line":19,"column":18},"end":{"line":19,"column":51}},"2":{"start":{"line":20,"column":70},"end":{"line":20,"column":77}},"3":{"start":{"line":21,"column":15},"end":{"line":21,"column":34}},"4":{"start":{"line":22,"column":13},"end":{"line":22,"column":35}},"5":{"start":{"line":24,"column":21},"end":{"line":39,"column":3}},"6":{"start":{"line":25,"column":4},"end":{"line":25,"column":27}},"7":{"start":{"line":27,"column":4},"end":{"line":38,"column":5}},"8":{"start":{"line":28,"column":6},"end":{"line":28,"column":35}},"9":{"start":{"line":29,"column":6},"end":{"line":29,"column":43}},"10":{"start":{"line":30,"column":6},"end":{"line":30,"column":32}},"11":{"start":{"line":32,"column":11},"end":{"line":38,"column":5}},"12":{"start":{"line":33,"column":6},"end":{"line":34,"column":39}},"13":{"start":{"line":37,"column":6},"end":{"line":37,"column":59}},"14":{"start":{"line":41,"column":23},"end":{"line":60,"column":3}},"15":{"start":{"line":42,"column":4},"end":{"line":59,"column":6}},"16":{"start":{"line":50,"column":6},"end":{"line":52,"column":7}},"17":{"start":{"line":51,"column":8},"end":{"line":51,"column":18}},"18":{"start":{"line":53,"column":6},"end":{"line":53,"column":24}},"19":{"start":{"line":56,"column":6},"end":{"line":56,"column":24}},"20":{"start":{"line":57,"column":6},"end":{"line":57,"column":23}},"21":{"start":{"line":58,"column":6},"end":{"line":58,"column":30}},"22":{"start":{"line":63,"column":2},"end":{"line":65,"column":12}},"23":{"start":{"line":64,"column":4},"end":{"line":64,"column":19}},"24":{"start":{"line":67,"column":2},"end":{"line":74,"column":4}}},"fnMap":{"0":{"name":"MainScreen","decl":{"start":{"line":17,"column":24},"end":{"line":17,"column":34}},"loc":{"start":{"line":17,"column":37},"end":{"line":75,"column":1}},"line":17},"1":{"name":"(anonymous_1)","decl":{"start":{"line":24,"column":21},"end":{"line":24,"column":22}},"loc":{"start":{"line":24,"column":36},"end":{"line":39,"column":3}},"line":24},"2":{"name":"(anonymous_2)","decl":{"start":{"line":41,"column":23},"end":{"line":41,"column":24}},"loc":{"start":{"line":41,"column":35},"end":{"line":60,"column":3}},"line":41},"3":{"name":"(anonymous_3)","decl":{"start":{"line":49,"column":10},"end":{"line":49,"column":11}},"loc":{"start":{"line":49,"column":19},"end":{"line":54,"column":5}},"line":49},"4":{"name":"(anonymous_4)","decl":{"start":{"line":55,"column":10},"end":{"line":55,"column":11}},"loc":{"start":{"line":55,"column":20},"end":{"line":59,"column":5}},"line":55},"5":{"name":"(anonymous_5)","decl":{"start":{"line":63,"column":13},"end":{"line":63,"column":14}},"loc":{"start":{"line":63,"column":19},"end":{"line":65,"column":3}},"line":63}},"branchMap":{"0":{"loc":{"start":{"line":27,"column":4},"end":{"line":38,"column":5}},"type":"if","locations":[{"start":{"line":27,"column":4},"end":{"line":38,"column":5}},{"start":{"line":32,"column":11},"end":{"line":38,"column":5}}],"line":27},"1":{"loc":{"start":{"line":32,"column":11},"end":{"line":38,"column":5}},"type":"if","locations":[{"start":{"line":32,"column":11},"end":{"line":38,"column":5}},{"start":{"line":36,"column":11},"end":{"line":38,"column":5}}],"line":32},"2":{"loc":{"start":{"line":50,"column":6},"end":{"line":52,"column":7}},"type":"if","locations":[{"start":{"line":50,"column":6},"end":{"line":52,"column":7}},{"start":{},"end":{}}],"line":50}},"s":{"0":0,"1":0,"2":0,"3":0,"4":0,"5":0,"6":0,"7":0,"8":0,"9":0,"10":0,"11":0,"12":0,"13":0,"14":0,"15":0,"16":0,"17":0,"18":0,"19":0,"20":0,"21":0,"22":0,"23":0,"24":0},"f":{"0":0,"1":0,"2":0,"3":0,"4":0,"5":0},"b":{"0":[0,0],"1":[0,0],"2":[0,0]},"_coverageSchema":"1a1c01bbd47fc00a2c39e90264f33305004495a9","hash":"017760d88f4042cff1e014fe4fa9356c7831c2da"}
,"C:\\Users\\bluen\\Documents\\CSE115A\\Pantry\\frontend\\src\\components\\Mainlist.js": {"path":"C:\\Users\\bluen\\Documents\\CSE115A\\Pantry\\frontend\\src\\components\\Mainlist.js","statementMap":{"0":{"start":{"line":21,"column":24},"end":{"line":21,"column":45}},"1":{"start":{"line":24,"column":18},"end":{"line":24,"column":51}},"2":{"start":{"line":25,"column":43},"end":{"line":25,"column":50}},"3":{"start":{"line":26,"column":15},"end":{"line":26,"column":34}},"4":{"start":{"line":27,"column":34},"end":{"line":27,"column":46}},"5":{"start":{"line":28,"column":34},"end":{"line":28,"column":52}},"6":{"start":{"line":29,"column":38},"end":{"line":29,"column":56}},"7":{"start":{"line":30,"column":26},"end":{"line":30,"column":47}},"8":{"start":{"line":31,"column":38},"end":{"line":31,"column":59}},"9":{"start":{"line":32,"column":25},"end":{"line":32,"column":34}},"10":{"start":{"line":33,"column":16},"end":{"line":33,"column":41}},"11":{"start":{"line":36,"column":4},"end":{"line":36,"column":29}},"12":{"start":{"line":37,"column":4},"end":{"line":54,"column":6}},"13":{"start":{"line":45,"column":6},"end":{"line":47,"column":7}},"14":{"start":{"line":46,"column":8},"end":{"line":46,"column":18}},"15":{"start":{"line":48,"column":6},"end":{"line":48,"column":24}},"16":{"start":{"line":51,"column":18},"end":{"line":51,"column":22}},"17":{"start":{"line":52,"column":6},"end":{"line":52,"column":49}},"18":{"start":{"line":52,"column":27},"end":{"line":52,"column":47}},"19":{"start":{"line":53,"column":6},"end":{"line":53,"column":25}},"20":{"start":{"line":57,"column":21},"end":{"line":61,"column":3}},"21":{"start":{"line":58,"column":4},"end":{"line":60,"column":5}},"22":{"start":{"line":59,"column":6},"end":{"line":59,"column":18}},"23":{"start":{"line":63,"column":2},"end":{"line":65,"column":25}},"24":{"start":{"line":64,"column":4},"end":{"line":64,"column":17}},"25":{"start":{"line":68,"column":4},"end":{"line":68,"column":22}},"26":{"start":{"line":69,"column":4},"end":{"line":69,"column":18}},"27":{"start":{"line":73,"column":4},"end":{"line":73,"column":24}},"28":{"start":{"line":74,"column":4},"end":{"line":74,"column":24}},"29":{"start":{"line":75,"column":4},"end":{"line":75,"column":28}},"30":{"start":{"line":80,"column":4},"end":{"line":80,"column":25}},"31":{"start":{"line":84,"column":4},"end":{"line":94,"column":6}},"32":{"start":{"line":92,"column":6},"end":{"line":92,"column":27}},"33":{"start":{"line":93,"column":6},"end":{"line":93,"column":18}},"34":{"start":{"line":98,"column":2},"end":{"line":178,"column":4}},"35":{"start":{"line":126,"column":12},"end":{"line":155,"column":18}},"36":{"start":{"line":145,"column":37},"end":{"line":145,"column":60}},"37":{"start":{"line":151,"column":37},"end":{"line":151,"column":62}},"38":{"start":{"line":182,"column":2},"end":{"line":182,"column":25}},"39":{"start":{"line":183,"column":2},"end":{"line":183,"column":38}},"40":{"start":{"line":184,"column":15},"end":{"line":184,"column":17}},"41":{"start":{"line":185,"column":2},"end":{"line":187,"column":5}},"42":{"start":{"line":186,"column":4},"end":{"line":186,"column":32}},"43":{"start":{"line":188,"column":2},"end":{"line":188,"column":39}},"44":{"start":{"line":189,"column":2},"end":{"line":189,"column":15}},"45":{"start":{"line":193,"column":13},"end":{"line":193,"column":34}},"46":{"start":{"line":194,"column":16},"end":{"line":194,"column":80}},"47":{"start":{"line":195,"column":2},"end":{"line":195,"column":16}}},"fnMap":{"0":{"name":"Mainlist","decl":{"start":{"line":23,"column":24},"end":{"line":23,"column":32}},"loc":{"start":{"line":23,"column":35},"end":{"line":179,"column":1}},"line":23},"1":{"name":"checkList","decl":{"start":{"line":35,"column":17},"end":{"line":35,"column":26}},"loc":{"start":{"line":35,"column":29},"end":{"line":55,"column":3}},"line":35},"2":{"name":"(anonymous_2)","decl":{"start":{"line":44,"column":10},"end":{"line":44,"column":11}},"loc":{"start":{"line":44,"column":19},"end":{"line":49,"column":5}},"line":44},"3":{"name":"(anonymous_3)","decl":{"start":{"line":50,"column":10},"end":{"line":50,"column":11}},"loc":{"start":{"line":50,"column":20},"end":{"line":54,"column":5}},"line":50},"4":{"name":"(anonymous_4)","decl":{"start":{"line":52,"column":17},"end":{"line":52,"column":18}},"loc":{"start":{"line":52,"column":27},"end":{"line":52,"column":47}},"line":52},"5":{"name":"(anonymous_5)","decl":{"start":{"line":57,"column":21},"end":{"line":57,"column":22}},"loc":{"start":{"line":57,"column":27},"end":{"line":61,"column":3}},"line":57},"6":{"name":"(anonymous_6)","decl":{"start":{"line":63,"column":12},"end":{"line":63,"column":13}},"loc":{"start":{"line":63,"column":18},"end":{"line":65,"column":3}},"line":63},"7":{"name":"handleClickOpen","decl":{"start":{"line":67,"column":11},"end":{"line":67,"column":26}},"loc":{"start":{"line":67,"column":34},"end":{"line":70,"column":3}},"line":67},"8":{"name":"handleDeleteClick","decl":{"start":{"line":72,"column":11},"end":{"line":72,"column":28}},"loc":{"start":{"line":72,"column":35},"end":{"line":76,"column":3}},"line":72},"9":{"name":"handleClose","decl":{"start":{"line":79,"column":11},"end":{"line":79,"column":22}},"loc":{"start":{"line":79,"column":25},"end":{"line":81,"column":3}},"line":79},"10":{"name":"deletingItem","decl":{"start":{"line":83,"column":11},"end":{"line":83,"column":23}},"loc":{"start":{"line":83,"column":26},"end":{"line":95,"column":3}},"line":83},"11":{"name":"(anonymous_11)","decl":{"start":{"line":91,"column":10},"end":{"line":91,"column":11}},"loc":{"start":{"line":91,"column":16},"end":{"line":94,"column":5}},"line":91},"12":{"name":"(anonymous_12)","decl":{"start":{"line":125,"column":20},"end":{"line":125,"column":21}},"loc":{"start":{"line":126,"column":12},"end":{"line":155,"column":18}},"line":126},"13":{"name":"(anonymous_13)","decl":{"start":{"line":145,"column":30},"end":{"line":145,"column":31}},"loc":{"start":{"line":145,"column":36},"end":{"line":145,"column":61}},"line":145},"14":{"name":"(anonymous_14)","decl":{"start":{"line":151,"column":30},"end":{"line":151,"column":31}},"loc":{"start":{"line":151,"column":36},"end":{"line":151,"column":63}},"line":151},"15":{"name":"printTags","decl":{"start":{"line":181,"column":9},"end":{"line":181,"column":18}},"loc":{"start":{"line":181,"column":30},"end":{"line":190,"column":1}},"line":181},"16":{"name":"(anonymous_16)","decl":{"start":{"line":185,"column":34},"end":{"line":185,"column":35}},"loc":{"start":{"line":185,"column":42},"end":{"line":187,"column":3}},"line":185},"17":{"name":"formatDate","decl":{"start":{"line":192,"column":9},"end":{"line":192,"column":19}},"loc":{"start":{"line":192,"column":32},"end":{"line":196,"column":1}},"line":192}},"branchMap":{"0":{"loc":{"start":{"line":45,"column":6},"end":{"line":47,"column":7}},"type":"if","locations":[{"start":{"line":45,"column":6},"end":{"line":47,"column":7}},{"start":{},"end":{}}],"line":45},"1":{"loc":{"start":{"line":52,"column":27},"end":{"line":52,"column":47}},"type":"cond-expr","locations":[{"start":{"line":52,"column":41},"end":{"line":52,"column":43}},{"start":{"line":52,"column":46},"end":{"line":52,"column":47}}],"line":52},"2":{"loc":{"start":{"line":58,"column":4},"end":{"line":60,"column":5}},"type":"if","locations":[{"start":{"line":58,"column":4},"end":{"line":60,"column":5}},{"start":{},"end":{}}],"line":58},"3":{"loc":{"start":{"line":158,"column":13},"end":{"line":158,"column":41}},"type":"cond-expr","locations":[{"start":{"line":158,"column":20},"end":{"line":158,"column":33}},{"start":{"line":158,"column":37},"end":{"line":158,"column":41}}],"line":158}},"s":{"0":1,"1":0,"2":0,"3":0,"4":0,"5":0,"6":0,"7":0,"8":0,"9":0,"10":0,"11":0,"12":0,"13":0,"14":0,"15":0,"16":0,"17":0,"18":0,"19":0,"20":0,"21":0,"22":0,"23":0,"24":0,"25":0,"26":0,"27":0,"28":0,"29":0,"30":0,"31":0,"32":0,"33":0,"34":0,"35":0,"36":0,"37":0,"38":0,"39":0,"40":0,"41":0,"42":0,"43":0,"44":0,"45":0,"46":0,"47":0},"f":{"0":0,"1":0,"2":0,"3":0,"4":0,"5":0,"6":0,"7":0,"8":0,"9":0,"10":0,"11":0,"12":0,"13":0,"14":0,"15":0,"16":0,"17":0},"b":{"0":[0,0],"1":[0,0],"2":[0,0],"3":[0,0]},"_coverageSchema":"1a1c01bbd47fc00a2c39e90264f33305004495a9","hash":"861fc00679d8cfa279743cc86c0b8050852ed305"}
}
