{"C:\\Users\\CJ\\Documents\\CSE115A Assignments\\Pantry\\frontend\\src\\components\\App.js": {"path":"C:\\Users\\CJ\\Documents\\CSE115A Assignments\\Pantry\\frontend\\src\\components\\App.js","statementMap":{"0":{"start":{"line":23,"column":25},"end":{"line":23,"column":46}},"1":{"start":{"line":26,"column":25},"end":{"line":26,"column":34}},"2":{"start":{"line":27,"column":40},"end":{"line":27,"column":61}},"3":{"start":{"line":28,"column":40},"end":{"line":28,"column":58}},"4":{"start":{"line":29,"column":46},"end":{"line":29,"column":64}},"5":{"start":{"line":30,"column":36},"end":{"line":30,"column":63}},"6":{"start":{"line":31,"column":30},"end":{"line":31,"column":48}},"7":{"start":{"line":32,"column":15},"end":{"line":32,"column":44}},"8":{"start":{"line":33,"column":13},"end":{"line":33,"column":18}},"9":{"start":{"line":35,"column":2},"end":{"line":38,"column":5}},"10":{"start":{"line":36,"column":4},"end":{"line":36,"column":33}},"11":{"start":{"line":37,"column":4},"end":{"line":37,"column":31}},"12":{"start":{"line":40,"column":2},"end":{"line":61,"column":4}}},"fnMap":{"0":{"name":"App","decl":{"start":{"line":25,"column":9},"end":{"line":25,"column":12}},"loc":{"start":{"line":25,"column":15},"end":{"line":62,"column":1}},"line":25},"1":{"name":"(anonymous_1)","decl":{"start":{"line":35,"column":9},"end":{"line":35,"column":10}},"loc":{"start":{"line":35,"column":15},"end":{"line":38,"column":3}},"line":35}},"branchMap":{"0":{"loc":{"start":{"line":52,"column":17},"end":{"line":52,"column":61}},"type":"cond-expr","locations":[{"start":{"line":52,"column":24},"end":{"line":52,"column":50}},{"start":{"line":52,"column":53},"end":{"line":52,"column":61}}],"line":52}},"s":{"0":1,"1":5,"2":4,"3":4,"4":4,"5":4,"6":4,"7":4,"8":4,"9":4,"10":0,"11":0,"12":4},"f":{"0":5,"1":0},"b":{"0":[0,4]},"_coverageSchema":"1a1c01bbd47fc00a2c39e90264f33305004495a9","hash":"73109230710b7aa5a71aae28eb344f99915bf00b"}
,"C:\\Users\\CJ\\Documents\\CSE115A Assignments\\Pantry\\frontend\\src\\components\\AuthProvider.js": {"path":"C:\\Users\\CJ\\Documents\\CSE115A Assignments\\Pantry\\frontend\\src\\components\\AuthProvider.js","statementMap":{"0":{"start":{"line":7,"column":20},"end":{"line":7,"column":35}},"1":{"start":{"line":9,"column":28},"end":{"line":48,"column":1}},"2":{"start":{"line":10,"column":26},"end":{"line":10,"column":55}},"3":{"start":{"line":11,"column":19},"end":{"line":11,"column":32}},"4":{"start":{"line":12,"column":19},"end":{"line":12,"column":32}},"5":{"start":{"line":15,"column":16},"end":{"line":17,"column":3}},"6":{"start":{"line":16,"column":4},"end":{"line":16,"column":18}},"7":{"start":{"line":19,"column":29},"end":{"line":22,"column":3}},"8":{"start":{"line":20,"column":19},"end":{"line":20,"column":64}},"9":{"start":{"line":21,"column":4},"end":{"line":21,"column":21}},"10":{"start":{"line":25,"column":17},"end":{"line":29,"column":3}},"11":{"start":{"line":26,"column":4},"end":{"line":26,"column":18}},"12":{"start":{"line":27,"column":4},"end":{"line":27,"column":36}},"13":{"start":{"line":28,"column":4},"end":{"line":28,"column":35}},"14":{"start":{"line":31,"column":19},"end":{"line":34,"column":3}},"15":{"start":{"line":32,"column":22},"end":{"line":32,"column":62}},"16":{"start":{"line":33,"column":4},"end":{"line":33,"column":44}},"17":{"start":{"line":36,"column":16},"end":{"line":39,"column":3}},"18":{"start":{"line":37,"column":22},"end":{"line":37,"column":62}},"19":{"start":{"line":38,"column":4},"end":{"line":38,"column":35}},"20":{"start":{"line":41,"column":18},"end":{"line":44,"column":3}},"21":{"start":{"line":42,"column":22},"end":{"line":42,"column":62}},"22":{"start":{"line":43,"column":4},"end":{"line":43,"column":37}},"23":{"start":{"line":46,"column":2},"end":{"line":47,"column":117}},"24":{"start":{"line":50,"column":23},"end":{"line":52,"column":1}},"25":{"start":{"line":51,"column":2},"end":{"line":51,"column":33}}},"fnMap":{"0":{"name":"(anonymous_0)","decl":{"start":{"line":9,"column":28},"end":{"line":9,"column":29}},"loc":{"start":{"line":9,"column":44},"end":{"line":48,"column":1}},"line":9},"1":{"name":"(anonymous_1)","decl":{"start":{"line":15,"column":16},"end":{"line":15,"column":17}},"loc":{"start":{"line":15,"column":32},"end":{"line":17,"column":3}},"line":15},"2":{"name":"(anonymous_2)","decl":{"start":{"line":19,"column":29},"end":{"line":19,"column":30}},"loc":{"start":{"line":19,"column":35},"end":{"line":22,"column":3}},"line":19},"3":{"name":"(anonymous_3)","decl":{"start":{"line":25,"column":17},"end":{"line":25,"column":18}},"loc":{"start":{"line":25,"column":23},"end":{"line":29,"column":3}},"line":25},"4":{"name":"(anonymous_4)","decl":{"start":{"line":31,"column":19},"end":{"line":31,"column":20}},"loc":{"start":{"line":31,"column":25},"end":{"line":34,"column":3}},"line":31},"5":{"name":"(anonymous_5)","decl":{"start":{"line":36,"column":16},"end":{"line":36,"column":17}},"loc":{"start":{"line":36,"column":22},"end":{"line":39,"column":3}},"line":36},"6":{"name":"(anonymous_6)","decl":{"start":{"line":41,"column":18},"end":{"line":41,"column":19}},"loc":{"start":{"line":41,"column":24},"end":{"line":44,"column":3}},"line":41},"7":{"name":"(anonymous_7)","decl":{"start":{"line":50,"column":23},"end":{"line":50,"column":24}},"loc":{"start":{"line":50,"column":29},"end":{"line":52,"column":1}},"line":50}},"branchMap":{"0":{"loc":{"start":{"line":20,"column":19},"end":{"line":20,"column":64}},"type":"binary-expr","locations":[{"start":{"line":20,"column":19},"end":{"line":20,"column":49}},{"start":{"line":20,"column":53},"end":{"line":20,"column":64}}],"line":20}},"s":{"0":1,"1":1,"2":7,"3":7,"4":7,"5":7,"6":0,"7":7,"8":0,"9":0,"10":7,"11":0,"12":0,"13":0,"14":7,"15":0,"16":0,"17":7,"18":0,"19":0,"20":7,"21":0,"22":0,"23":7,"24":1,"25":12},"f":{"0":7,"1":0,"2":0,"3":0,"4":0,"5":0,"6":0,"7":12},"b":{"0":[0,0]},"_coverageSchema":"1a1c01bbd47fc00a2c39e90264f33305004495a9","hash":"adab6db58bac49fc329bcc9325e4dcb7a1d45dd9"}
,"C:\\Users\\CJ\\Documents\\CSE115A Assignments\\Pantry\\frontend\\src\\components\\CreateAccount.js": {"path":"C:\\Users\\CJ\\Documents\\CSE115A Assignments\\Pantry\\frontend\\src\\components\\CreateAccount.js","statementMap":{"0":{"start":{"line":16,"column":19},"end":{"line":16,"column":32}},"1":{"start":{"line":17,"column":26},"end":{"line":17,"column":77}},"2":{"start":{"line":18,"column":34},"end":{"line":18,"column":52}},"3":{"start":{"line":19,"column":25},"end":{"line":19,"column":34}},"4":{"start":{"line":21,"column":28},"end":{"line":26,"column":3}},"5":{"start":{"line":22,"column":26},"end":{"line":22,"column":38}},"6":{"start":{"line":23,"column":14},"end":{"line":23,"column":18}},"7":{"start":{"line":24,"column":4},"end":{"line":24,"column":20}},"8":{"start":{"line":25,"column":4},"end":{"line":25,"column":15}},"9":{"start":{"line":28,"column":37},"end":{"line":31,"column":3}},"10":{"start":{"line":29,"column":18},"end":{"line":29,"column":36}},"11":{"start":{"line":30,"column":4},"end":{"line":30,"column":23}},"12":{"start":{"line":34,"column":25},"end":{"line":61,"column":3}},"13":{"start":{"line":35,"column":4},"end":{"line":35,"column":27}},"14":{"start":{"line":37,"column":4},"end":{"line":60,"column":5}},"15":{"start":{"line":38,"column":6},"end":{"line":57,"column":11}},"16":{"start":{"line":46,"column":10},"end":{"line":48,"column":11}},"17":{"start":{"line":47,"column":12},"end":{"line":47,"column":27}},"18":{"start":{"line":49,"column":10},"end":{"line":49,"column":33}},"19":{"start":{"line":52,"column":10},"end":{"line":52,"column":37}},"20":{"start":{"line":55,"column":10},"end":{"line":55,"column":29}},"21":{"start":{"line":56,"column":10},"end":{"line":56,"column":60}},"22":{"start":{"line":59,"column":6},"end":{"line":59,"column":38}},"23":{"start":{"line":63,"column":25},"end":{"line":65,"column":3}},"24":{"start":{"line":64,"column":4},"end":{"line":64,"column":18}},"25":{"start":{"line":68,"column":2},"end":{"line":145,"column":4}}},"fnMap":{"0":{"name":"CreateAccount","decl":{"start":{"line":15,"column":9},"end":{"line":15,"column":22}},"loc":{"start":{"line":15,"column":25},"end":{"line":146,"column":1}},"line":15},"1":{"name":"(anonymous_1)","decl":{"start":{"line":21,"column":28},"end":{"line":21,"column":29}},"loc":{"start":{"line":21,"column":39},"end":{"line":26,"column":3}},"line":21},"2":{"name":"(anonymous_2)","decl":{"start":{"line":28,"column":37},"end":{"line":28,"column":38}},"loc":{"start":{"line":28,"column":48},"end":{"line":31,"column":3}},"line":28},"3":{"name":"(anonymous_3)","decl":{"start":{"line":34,"column":25},"end":{"line":34,"column":26}},"loc":{"start":{"line":34,"column":36},"end":{"line":61,"column":3}},"line":34},"4":{"name":"(anonymous_4)","decl":{"start":{"line":45,"column":14},"end":{"line":45,"column":15}},"loc":{"start":{"line":45,"column":28},"end":{"line":50,"column":9}},"line":45},"5":{"name":"(anonymous_5)","decl":{"start":{"line":51,"column":14},"end":{"line":51,"column":15}},"loc":{"start":{"line":51,"column":24},"end":{"line":53,"column":9}},"line":51},"6":{"name":"(anonymous_6)","decl":{"start":{"line":54,"column":15},"end":{"line":54,"column":16}},"loc":{"start":{"line":54,"column":26},"end":{"line":57,"column":9}},"line":54},"7":{"name":"(anonymous_7)","decl":{"start":{"line":63,"column":25},"end":{"line":63,"column":26}},"loc":{"start":{"line":63,"column":31},"end":{"line":65,"column":3}},"line":63}},"branchMap":{"0":{"loc":{"start":{"line":37,"column":4},"end":{"line":60,"column":5}},"type":"if","locations":[{"start":{"line":37,"column":4},"end":{"line":60,"column":5}},{"start":{"line":58,"column":11},"end":{"line":60,"column":5}}],"line":37},"1":{"loc":{"start":{"line":46,"column":10},"end":{"line":48,"column":11}},"type":"if","locations":[{"start":{"line":46,"column":10},"end":{"line":48,"column":11}},{"start":{},"end":{}}],"line":46}},"s":{"0":3,"1":2,"2":2,"3":2,"4":2,"5":0,"6":0,"7":0,"8":0,"9":2,"10":0,"11":0,"12":2,"13":0,"14":0,"15":0,"16":0,"17":0,"18":0,"19":0,"20":0,"21":0,"22":0,"23":2,"24":1,"25":2},"f":{"0":3,"1":0,"2":0,"3":0,"4":0,"5":0,"6":0,"7":1},"b":{"0":[0,0],"1":[0,0]},"_coverageSchema":"1a1c01bbd47fc00a2c39e90264f33305004495a9","hash":"e5d37eca027275050722e829e2768699166403d6"}
,"C:\\Users\\CJ\\Documents\\CSE115A Assignments\\Pantry\\frontend\\src\\components\\DeleteList.js": {"path":"C:\\Users\\CJ\\Documents\\CSE115A Assignments\\Pantry\\frontend\\src\\components\\DeleteList.js","statementMap":{"0":{"start":{"line":20,"column":25},"end":{"line":20,"column":34}},"1":{"start":{"line":21,"column":18},"end":{"line":21,"column":51}},"2":{"start":{"line":22,"column":27},"end":{"line":22,"column":34}},"3":{"start":{"line":23,"column":18},"end":{"line":23,"column":40}},"4":{"start":{"line":24,"column":15},"end":{"line":24,"column":34}},"5":{"start":{"line":25,"column":42},"end":{"line":25,"column":60}},"6":{"start":{"line":26,"column":38},"end":{"line":26,"column":59}},"7":{"start":{"line":28,"column":23},"end":{"line":35,"column":3}},"8":{"start":{"line":29,"column":15},"end":{"line":31,"column":6}},"9":{"start":{"line":30,"column":6},"end":{"line":30,"column":43}},"10":{"start":{"line":33,"column":4},"end":{"line":33,"column":29}},"11":{"start":{"line":34,"column":4},"end":{"line":34,"column":24}},"12":{"start":{"line":38,"column":4},"end":{"line":38,"column":25}},"13":{"start":{"line":42,"column":4},"end":{"line":52,"column":6}},"14":{"start":{"line":50,"column":6},"end":{"line":50,"column":27}},"15":{"start":{"line":51,"column":6},"end":{"line":51,"column":21}},"16":{"start":{"line":55,"column":2},"end":{"line":86,"column":4}},"17":{"start":{"line":65,"column":12},"end":{"line":65,"column":79}}},"fnMap":{"0":{"name":"DeleteList","decl":{"start":{"line":19,"column":24},"end":{"line":19,"column":34}},"loc":{"start":{"line":19,"column":37},"end":{"line":87,"column":1}},"line":19},"1":{"name":"(anonymous_1)","decl":{"start":{"line":28,"column":23},"end":{"line":28,"column":24}},"loc":{"start":{"line":28,"column":34},"end":{"line":35,"column":3}},"line":28},"2":{"name":"(anonymous_2)","decl":{"start":{"line":29,"column":37},"end":{"line":29,"column":38}},"loc":{"start":{"line":29,"column":44},"end":{"line":31,"column":5}},"line":29},"3":{"name":"handleClose","decl":{"start":{"line":37,"column":11},"end":{"line":37,"column":22}},"loc":{"start":{"line":37,"column":25},"end":{"line":39,"column":3}},"line":37},"4":{"name":"deletingItem","decl":{"start":{"line":41,"column":11},"end":{"line":41,"column":23}},"loc":{"start":{"line":41,"column":26},"end":{"line":53,"column":3}},"line":41},"5":{"name":"(anonymous_5)","decl":{"start":{"line":49,"column":10},"end":{"line":49,"column":11}},"loc":{"start":{"line":49,"column":16},"end":{"line":52,"column":5}},"line":49},"6":{"name":"(anonymous_6)","decl":{"start":{"line":64,"column":30},"end":{"line":64,"column":31}},"loc":{"start":{"line":65,"column":12},"end":{"line":65,"column":79}},"line":65}},"branchMap":{},"s":{"0":0,"1":0,"2":0,"3":0,"4":0,"5":0,"6":0,"7":0,"8":0,"9":0,"10":0,"11":0,"12":0,"13":0,"14":0,"15":0,"16":0,"17":0},"f":{"0":0,"1":0,"2":0,"3":0,"4":0,"5":0,"6":0},"b":{},"_coverageSchema":"1a1c01bbd47fc00a2c39e90264f33305004495a9","hash":"7e7313f7fa0df55bca27b288ea27509c00dda7dd"}
,"C:\\Users\\CJ\\Documents\\CSE115A Assignments\\Pantry\\frontend\\src\\components\\Dummy.js": {"path":"C:\\Users\\CJ\\Documents\\CSE115A Assignments\\Pantry\\frontend\\src\\components\\Dummy.js","statementMap":{"0":{"start":{"line":12,"column":2},"end":{"line":24,"column":7}},"1":{"start":{"line":14,"column":6},"end":{"line":16,"column":7}},"2":{"start":{"line":15,"column":8},"end":{"line":15,"column":23}},"3":{"start":{"line":17,"column":6},"end":{"line":17,"column":29}},"4":{"start":{"line":20,"column":6},"end":{"line":20,"column":29}},"5":{"start":{"line":23,"column":6},"end":{"line":23,"column":45}},"6":{"start":{"line":33,"column":28},"end":{"line":33,"column":63}},"7":{"start":{"line":34,"column":2},"end":{"line":53,"column":4}},"8":{"start":{"line":41,"column":10},"end":{"line":41,"column":29}}},"fnMap":{"0":{"name":"getDummy","decl":{"start":{"line":10,"column":9},"end":{"line":10,"column":17}},"loc":{"start":{"line":10,"column":28},"end":{"line":25,"column":1}},"line":10},"1":{"name":"(anonymous_1)","decl":{"start":{"line":13,"column":10},"end":{"line":13,"column":11}},"loc":{"start":{"line":13,"column":24},"end":{"line":18,"column":5}},"line":13},"2":{"name":"(anonymous_2)","decl":{"start":{"line":19,"column":10},"end":{"line":19,"column":11}},"loc":{"start":{"line":19,"column":20},"end":{"line":21,"column":5}},"line":19},"3":{"name":"(anonymous_3)","decl":{"start":{"line":22,"column":11},"end":{"line":22,"column":12}},"loc":{"start":{"line":22,"column":22},"end":{"line":24,"column":5}},"line":22},"4":{"name":"Dummy","decl":{"start":{"line":32,"column":9},"end":{"line":32,"column":14}},"loc":{"start":{"line":32,"column":17},"end":{"line":54,"column":1}},"line":32},"5":{"name":"(anonymous_5)","decl":{"start":{"line":40,"column":17},"end":{"line":40,"column":18}},"loc":{"start":{"line":40,"column":28},"end":{"line":42,"column":9}},"line":40}},"branchMap":{"0":{"loc":{"start":{"line":14,"column":6},"end":{"line":16,"column":7}},"type":"if","locations":[{"start":{"line":14,"column":6},"end":{"line":16,"column":7}},{"start":{},"end":{}}],"line":14}},"s":{"0":2,"1":2,"2":1,"3":1,"4":1,"5":1,"6":4,"7":4,"8":2},"f":{"0":2,"1":2,"2":1,"3":1,"4":4,"5":2},"b":{"0":[1,1]},"_coverageSchema":"1a1c01bbd47fc00a2c39e90264f33305004495a9","hash":"355236fa91dfed873b8d099e5452fc333c533a59"}
,"C:\\Users\\CJ\\Documents\\CSE115A Assignments\\Pantry\\frontend\\src\\components\\EditDialog.js": {"path":"C:\\Users\\CJ\\Documents\\CSE115A Assignments\\Pantry\\frontend\\src\\components\\EditDialog.js","statementMap":{"0":{"start":{"line":17,"column":22},"end":{"line":17,"column":55}},"1":{"start":{"line":18,"column":22},"end":{"line":18,"column":55}},"2":{"start":{"line":19,"column":36},"end":{"line":19,"column":47}},"3":{"start":{"line":20,"column":18},"end":{"line":20,"column":44}},"4":{"start":{"line":21,"column":15},"end":{"line":21,"column":38}},"5":{"start":{"line":22,"column":32},"end":{"line":24,"column":50}},"6":{"start":{"line":25,"column":25},"end":{"line":25,"column":34}},"7":{"start":{"line":26,"column":19},"end":{"line":26,"column":66}},"8":{"start":{"line":28,"column":21},"end":{"line":33,"column":3}},"9":{"start":{"line":29,"column":17},"end":{"line":29,"column":24}},"10":{"start":{"line":30,"column":17},"end":{"line":30,"column":29}},"11":{"start":{"line":31,"column":4},"end":{"line":31,"column":47}},"12":{"start":{"line":32,"column":4},"end":{"line":32,"column":21}},"13":{"start":{"line":35,"column":22},"end":{"line":37,"column":3}},"14":{"start":{"line":36,"column":4},"end":{"line":36,"column":19}},"15":{"start":{"line":39,"column":28},"end":{"line":49,"column":3}},"16":{"start":{"line":40,"column":26},"end":{"line":40,"column":38}},"17":{"start":{"line":41,"column":17},"end":{"line":41,"column":24}},"18":{"start":{"line":43,"column":4},"end":{"line":47,"column":5}},"19":{"start":{"line":44,"column":6},"end":{"line":44,"column":35}},"20":{"start":{"line":46,"column":6},"end":{"line":46,"column":25}},"21":{"start":{"line":48,"column":4},"end":{"line":48,"column":21}},"22":{"start":{"line":52,"column":15},"end":{"line":52,"column":36}},"23":{"start":{"line":53,"column":19},"end":{"line":53,"column":43}},"24":{"start":{"line":54,"column":4},"end":{"line":54,"column":55}},"25":{"start":{"line":55,"column":4},"end":{"line":55,"column":44}},"26":{"start":{"line":59,"column":17},"end":{"line":59,"column":19}},"27":{"start":{"line":61,"column":4},"end":{"line":75,"column":5}},"28":{"start":{"line":61,"column":17},"end":{"line":61,"column":18}},"29":{"start":{"line":62,"column":19},"end":{"line":62,"column":30}},"30":{"start":{"line":63,"column":6},"end":{"line":74,"column":8}},"31":{"start":{"line":70,"column":29},"end":{"line":70,"column":63}},"32":{"start":{"line":76,"column":4},"end":{"line":76,"column":16}},"33":{"start":{"line":79,"column":21},"end":{"line":101,"column":3}},"34":{"start":{"line":80,"column":4},"end":{"line":80,"column":27}},"35":{"start":{"line":82,"column":4},"end":{"line":100,"column":6}},"36":{"start":{"line":92,"column":6},"end":{"line":94,"column":7}},"37":{"start":{"line":93,"column":8},"end":{"line":93,"column":18}},"38":{"start":{"line":95,"column":6},"end":{"line":95,"column":24}},"39":{"start":{"line":98,"column":6},"end":{"line":98,"column":21}},"40":{"start":{"line":99,"column":6},"end":{"line":99,"column":21}},"41":{"start":{"line":103,"column":2},"end":{"line":143,"column":4}}},"fnMap":{"0":{"name":"EditDialog","decl":{"start":{"line":16,"column":24},"end":{"line":16,"column":34}},"loc":{"start":{"line":16,"column":37},"end":{"line":144,"column":1}},"line":16},"1":{"name":"(anonymous_1)","decl":{"start":{"line":28,"column":21},"end":{"line":28,"column":22}},"loc":{"start":{"line":28,"column":36},"end":{"line":33,"column":3}},"line":28},"2":{"name":"(anonymous_2)","decl":{"start":{"line":35,"column":22},"end":{"line":35,"column":23}},"loc":{"start":{"line":35,"column":28},"end":{"line":37,"column":3}},"line":35},"3":{"name":"(anonymous_3)","decl":{"start":{"line":39,"column":28},"end":{"line":39,"column":29}},"loc":{"start":{"line":39,"column":39},"end":{"line":49,"column":3}},"line":39},"4":{"name":"formatDate","decl":{"start":{"line":51,"column":11},"end":{"line":51,"column":21}},"loc":{"start":{"line":51,"column":34},"end":{"line":56,"column":3}},"line":51},"5":{"name":"createTagButtons","decl":{"start":{"line":58,"column":11},"end":{"line":58,"column":27}},"loc":{"start":{"line":58,"column":50},"end":{"line":77,"column":3}},"line":58},"6":{"name":"(anonymous_6)","decl":{"start":{"line":70,"column":22},"end":{"line":70,"column":23}},"loc":{"start":{"line":70,"column":29},"end":{"line":70,"column":63}},"line":70},"7":{"name":"(anonymous_7)","decl":{"start":{"line":79,"column":21},"end":{"line":79,"column":22}},"loc":{"start":{"line":79,"column":32},"end":{"line":101,"column":3}},"line":79},"8":{"name":"(anonymous_8)","decl":{"start":{"line":91,"column":10},"end":{"line":91,"column":11}},"loc":{"start":{"line":91,"column":19},"end":{"line":96,"column":5}},"line":91},"9":{"name":"(anonymous_9)","decl":{"start":{"line":97,"column":10},"end":{"line":97,"column":11}},"loc":{"start":{"line":97,"column":20},"end":{"line":100,"column":5}},"line":97}},"branchMap":{"0":{"loc":{"start":{"line":31,"column":4},"end":{"line":31,"column":46}},"type":"cond-expr","locations":[{"start":{"line":31,"column":11},"end":{"line":31,"column":27}},{"start":{"line":31,"column":30},"end":{"line":31,"column":46}}],"line":31},"1":{"loc":{"start":{"line":43,"column":4},"end":{"line":47,"column":5}},"type":"if","locations":[{"start":{"line":43,"column":4},"end":{"line":47,"column":5}},{"start":{"line":45,"column":11},"end":{"line":47,"column":5}}],"line":43},"2":{"loc":{"start":{"line":92,"column":6},"end":{"line":94,"column":7}},"type":"if","locations":[{"start":{"line":92,"column":6},"end":{"line":94,"column":7}},{"start":{},"end":{}}],"line":92}},"s":{"0":0,"1":0,"2":0,"3":0,"4":0,"5":0,"6":0,"7":0,"8":0,"9":0,"10":0,"11":0,"12":0,"13":0,"14":0,"15":0,"16":0,"17":0,"18":0,"19":0,"20":0,"21":0,"22":0,"23":0,"24":0,"25":0,"26":0,"27":0,"28":0,"29":0,"30":0,"31":0,"32":0,"33":0,"34":0,"35":0,"36":0,"37":0,"38":0,"39":0,"40":0,"41":0},"f":{"0":0,"1":0,"2":0,"3":0,"4":0,"5":0,"6":0,"7":0,"8":0,"9":0},"b":{"0":[0,0],"1":[0,0],"2":[0,0]},"_coverageSchema":"1a1c01bbd47fc00a2c39e90264f33305004495a9","hash":"9a80635ad2d1a52ad041f133bc39149f6cc0780a"}
,"C:\\Users\\CJ\\Documents\\CSE115A Assignments\\Pantry\\frontend\\src\\components\\Login.js": {"path":"C:\\Users\\CJ\\Documents\\CSE115A Assignments\\Pantry\\frontend\\src\\components\\Login.js","statementMap":{"0":{"start":{"line":20,"column":26},"end":{"line":20,"column":67}},"1":{"start":{"line":21,"column":25},"end":{"line":21,"column":34}},"2":{"start":{"line":22,"column":19},"end":{"line":22,"column":32}},"3":{"start":{"line":25,"column":28},"end":{"line":30,"column":3}},"4":{"start":{"line":26,"column":26},"end":{"line":26,"column":38}},"5":{"start":{"line":27,"column":14},"end":{"line":27,"column":18}},"6":{"start":{"line":28,"column":4},"end":{"line":28,"column":20}},"7":{"start":{"line":29,"column":4},"end":{"line":29,"column":15}},"8":{"start":{"line":32,"column":28},"end":{"line":34,"column":3}},"9":{"start":{"line":33,"column":4},"end":{"line":33,"column":31}},"10":{"start":{"line":37,"column":24},"end":{"line":61,"column":3}},"11":{"start":{"line":38,"column":4},"end":{"line":38,"column":27}},"12":{"start":{"line":40,"column":4},"end":{"line":60,"column":9}},"13":{"start":{"line":48,"column":8},"end":{"line":50,"column":9}},"14":{"start":{"line":49,"column":10},"end":{"line":49,"column":25}},"15":{"start":{"line":51,"column":8},"end":{"line":51,"column":31}},"16":{"start":{"line":54,"column":8},"end":{"line":54,"column":35}},"17":{"start":{"line":55,"column":8},"end":{"line":55,"column":44}},"18":{"start":{"line":58,"column":8},"end":{"line":58,"column":27}},"19":{"start":{"line":59,"column":8},"end":{"line":59,"column":52}},"20":{"start":{"line":63,"column":2},"end":{"line":148,"column":4}}},"fnMap":{"0":{"name":"Login","decl":{"start":{"line":19,"column":9},"end":{"line":19,"column":14}},"loc":{"start":{"line":19,"column":17},"end":{"line":149,"column":1}},"line":19},"1":{"name":"(anonymous_1)","decl":{"start":{"line":25,"column":28},"end":{"line":25,"column":29}},"loc":{"start":{"line":25,"column":39},"end":{"line":30,"column":3}},"line":25},"2":{"name":"(anonymous_2)","decl":{"start":{"line":32,"column":28},"end":{"line":32,"column":29}},"loc":{"start":{"line":32,"column":39},"end":{"line":34,"column":3}},"line":32},"3":{"name":"(anonymous_3)","decl":{"start":{"line":37,"column":24},"end":{"line":37,"column":25}},"loc":{"start":{"line":37,"column":35},"end":{"line":61,"column":3}},"line":37},"4":{"name":"(anonymous_4)","decl":{"start":{"line":47,"column":12},"end":{"line":47,"column":13}},"loc":{"start":{"line":47,"column":26},"end":{"line":52,"column":7}},"line":47},"5":{"name":"(anonymous_5)","decl":{"start":{"line":53,"column":12},"end":{"line":53,"column":13}},"loc":{"start":{"line":53,"column":22},"end":{"line":56,"column":7}},"line":53},"6":{"name":"(anonymous_6)","decl":{"start":{"line":57,"column":13},"end":{"line":57,"column":14}},"loc":{"start":{"line":57,"column":24},"end":{"line":60,"column":7}},"line":57}},"branchMap":{"0":{"loc":{"start":{"line":48,"column":8},"end":{"line":50,"column":9}},"type":"if","locations":[{"start":{"line":48,"column":8},"end":{"line":50,"column":9}},{"start":{},"end":{}}],"line":48}},"s":{"0":6,"1":5,"2":5,"3":5,"4":0,"5":0,"6":0,"7":0,"8":5,"9":2,"10":5,"11":1,"12":1,"13":0,"14":0,"15":0,"16":0,"17":0,"18":1,"19":1,"20":5},"f":{"0":6,"1":0,"2":2,"3":1,"4":0,"5":0,"6":1},"b":{"0":[0,0]},"_coverageSchema":"1a1c01bbd47fc00a2c39e90264f33305004495a9","hash":"6a7323d84ac576d225557733e6c25a0caeba2f01"}
,"C:\\Users\\CJ\\Documents\\CSE115A Assignments\\Pantry\\frontend\\src\\components\\MainScreen.js": {"path":"C:\\Users\\CJ\\Documents\\CSE115A Assignments\\Pantry\\frontend\\src\\components\\MainScreen.js","statementMap":{"0":{"start":{"line":19,"column":25},"end":{"line":19,"column":34}},"1":{"start":{"line":20,"column":18},"end":{"line":20,"column":51}},"2":{"start":{"line":21,"column":70},"end":{"line":21,"column":77}},"3":{"start":{"line":22,"column":15},"end":{"line":22,"column":34}},"4":{"start":{"line":23,"column":13},"end":{"line":23,"column":35}},"5":{"start":{"line":26,"column":21},"end":{"line":41,"column":3}},"6":{"start":{"line":27,"column":4},"end":{"line":27,"column":27}},"7":{"start":{"line":29,"column":4},"end":{"line":40,"column":5}},"8":{"start":{"line":30,"column":6},"end":{"line":30,"column":35}},"9":{"start":{"line":31,"column":6},"end":{"line":31,"column":43}},"10":{"start":{"line":32,"column":6},"end":{"line":32,"column":32}},"11":{"start":{"line":34,"column":11},"end":{"line":40,"column":5}},"12":{"start":{"line":35,"column":6},"end":{"line":36,"column":39}},"13":{"start":{"line":39,"column":6},"end":{"line":39,"column":59}},"14":{"start":{"line":44,"column":23},"end":{"line":62,"column":3}},"15":{"start":{"line":45,"column":4},"end":{"line":61,"column":6}},"16":{"start":{"line":53,"column":6},"end":{"line":55,"column":7}},"17":{"start":{"line":54,"column":8},"end":{"line":54,"column":18}},"18":{"start":{"line":56,"column":6},"end":{"line":56,"column":24}},"19":{"start":{"line":59,"column":6},"end":{"line":59,"column":23}},"20":{"start":{"line":60,"column":6},"end":{"line":60,"column":30}},"21":{"start":{"line":65,"column":2},"end":{"line":67,"column":12}},"22":{"start":{"line":66,"column":4},"end":{"line":66,"column":19}},"23":{"start":{"line":69,"column":2},"end":{"line":76,"column":4}}},"fnMap":{"0":{"name":"MainScreen","decl":{"start":{"line":18,"column":24},"end":{"line":18,"column":34}},"loc":{"start":{"line":18,"column":37},"end":{"line":77,"column":1}},"line":18},"1":{"name":"(anonymous_1)","decl":{"start":{"line":26,"column":21},"end":{"line":26,"column":22}},"loc":{"start":{"line":26,"column":36},"end":{"line":41,"column":3}},"line":26},"2":{"name":"(anonymous_2)","decl":{"start":{"line":44,"column":23},"end":{"line":44,"column":24}},"loc":{"start":{"line":44,"column":35},"end":{"line":62,"column":3}},"line":44},"3":{"name":"(anonymous_3)","decl":{"start":{"line":52,"column":10},"end":{"line":52,"column":11}},"loc":{"start":{"line":52,"column":19},"end":{"line":57,"column":5}},"line":52},"4":{"name":"(anonymous_4)","decl":{"start":{"line":58,"column":10},"end":{"line":58,"column":11}},"loc":{"start":{"line":58,"column":20},"end":{"line":61,"column":5}},"line":58},"5":{"name":"(anonymous_5)","decl":{"start":{"line":65,"column":13},"end":{"line":65,"column":14}},"loc":{"start":{"line":65,"column":19},"end":{"line":67,"column":3}},"line":65}},"branchMap":{"0":{"loc":{"start":{"line":29,"column":4},"end":{"line":40,"column":5}},"type":"if","locations":[{"start":{"line":29,"column":4},"end":{"line":40,"column":5}},{"start":{"line":34,"column":11},"end":{"line":40,"column":5}}],"line":29},"1":{"loc":{"start":{"line":34,"column":11},"end":{"line":40,"column":5}},"type":"if","locations":[{"start":{"line":34,"column":11},"end":{"line":40,"column":5}},{"start":{"line":38,"column":11},"end":{"line":40,"column":5}}],"line":34},"2":{"loc":{"start":{"line":53,"column":6},"end":{"line":55,"column":7}},"type":"if","locations":[{"start":{"line":53,"column":6},"end":{"line":55,"column":7}},{"start":{},"end":{}}],"line":53}},"s":{"0":0,"1":0,"2":0,"3":0,"4":0,"5":0,"6":0,"7":0,"8":0,"9":0,"10":0,"11":0,"12":0,"13":0,"14":0,"15":0,"16":0,"17":0,"18":0,"19":0,"20":0,"21":0,"22":0,"23":0},"f":{"0":0,"1":0,"2":0,"3":0,"4":0,"5":0},"b":{"0":[0,0],"1":[0,0],"2":[0,0]},"_coverageSchema":"1a1c01bbd47fc00a2c39e90264f33305004495a9","hash":"2633fa983d8cba42d7060c7a746554e54ec69ba1"}
,"C:\\Users\\CJ\\Documents\\CSE115A Assignments\\Pantry\\frontend\\src\\components\\Mainlist.js": {"path":"C:\\Users\\CJ\\Documents\\CSE115A Assignments\\Pantry\\frontend\\src\\components\\Mainlist.js","statementMap":{"0":{"start":{"line":22,"column":24},"end":{"line":22,"column":45}},"1":{"start":{"line":25,"column":18},"end":{"line":25,"column":51}},"2":{"start":{"line":26,"column":43},"end":{"line":26,"column":50}},"3":{"start":{"line":27,"column":15},"end":{"line":27,"column":34}},"4":{"start":{"line":28,"column":34},"end":{"line":28,"column":46}},"5":{"start":{"line":29,"column":34},"end":{"line":29,"column":52}},"6":{"start":{"line":30,"column":38},"end":{"line":30,"column":56}},"7":{"start":{"line":31,"column":26},"end":{"line":31,"column":47}},"8":{"start":{"line":32,"column":38},"end":{"line":32,"column":59}},"9":{"start":{"line":33,"column":25},"end":{"line":33,"column":34}},"10":{"start":{"line":34,"column":16},"end":{"line":34,"column":41}},"11":{"start":{"line":39,"column":4},"end":{"line":39,"column":29}},"12":{"start":{"line":40,"column":4},"end":{"line":57,"column":6}},"13":{"start":{"line":48,"column":6},"end":{"line":50,"column":7}},"14":{"start":{"line":49,"column":8},"end":{"line":49,"column":18}},"15":{"start":{"line":51,"column":6},"end":{"line":51,"column":24}},"16":{"start":{"line":54,"column":18},"end":{"line":54,"column":22}},"17":{"start":{"line":55,"column":6},"end":{"line":55,"column":49}},"18":{"start":{"line":55,"column":27},"end":{"line":55,"column":47}},"19":{"start":{"line":56,"column":6},"end":{"line":56,"column":25}},"20":{"start":{"line":61,"column":21},"end":{"line":65,"column":3}},"21":{"start":{"line":62,"column":4},"end":{"line":64,"column":5}},"22":{"start":{"line":63,"column":6},"end":{"line":63,"column":18}},"23":{"start":{"line":67,"column":2},"end":{"line":69,"column":25}},"24":{"start":{"line":68,"column":4},"end":{"line":68,"column":17}},"25":{"start":{"line":73,"column":4},"end":{"line":73,"column":22}},"26":{"start":{"line":74,"column":4},"end":{"line":74,"column":18}},"27":{"start":{"line":79,"column":4},"end":{"line":79,"column":24}},"28":{"start":{"line":80,"column":4},"end":{"line":80,"column":24}},"29":{"start":{"line":81,"column":4},"end":{"line":81,"column":28}},"30":{"start":{"line":86,"column":4},"end":{"line":86,"column":25}},"31":{"start":{"line":91,"column":4},"end":{"line":101,"column":6}},"32":{"start":{"line":99,"column":6},"end":{"line":99,"column":27}},"33":{"start":{"line":100,"column":6},"end":{"line":100,"column":18}},"34":{"start":{"line":105,"column":2},"end":{"line":185,"column":4}},"35":{"start":{"line":133,"column":12},"end":{"line":162,"column":18}},"36":{"start":{"line":152,"column":37},"end":{"line":152,"column":60}},"37":{"start":{"line":158,"column":37},"end":{"line":158,"column":62}},"38":{"start":{"line":189,"column":2},"end":{"line":189,"column":25}},"39":{"start":{"line":190,"column":2},"end":{"line":190,"column":38}},"40":{"start":{"line":191,"column":15},"end":{"line":191,"column":17}},"41":{"start":{"line":192,"column":2},"end":{"line":194,"column":5}},"42":{"start":{"line":193,"column":4},"end":{"line":193,"column":32}},"43":{"start":{"line":195,"column":2},"end":{"line":195,"column":39}},"44":{"start":{"line":196,"column":2},"end":{"line":196,"column":15}},"45":{"start":{"line":200,"column":13},"end":{"line":200,"column":34}},"46":{"start":{"line":201,"column":16},"end":{"line":201,"column":80}},"47":{"start":{"line":202,"column":2},"end":{"line":202,"column":16}}},"fnMap":{"0":{"name":"Mainlist","decl":{"start":{"line":24,"column":24},"end":{"line":24,"column":32}},"loc":{"start":{"line":24,"column":35},"end":{"line":186,"column":1}},"line":24},"1":{"name":"checkList","decl":{"start":{"line":38,"column":17},"end":{"line":38,"column":26}},"loc":{"start":{"line":38,"column":29},"end":{"line":58,"column":3}},"line":38},"2":{"name":"(anonymous_2)","decl":{"start":{"line":47,"column":10},"end":{"line":47,"column":11}},"loc":{"start":{"line":47,"column":19},"end":{"line":52,"column":5}},"line":47},"3":{"name":"(anonymous_3)","decl":{"start":{"line":53,"column":10},"end":{"line":53,"column":11}},"loc":{"start":{"line":53,"column":20},"end":{"line":57,"column":5}},"line":53},"4":{"name":"(anonymous_4)","decl":{"start":{"line":55,"column":17},"end":{"line":55,"column":18}},"loc":{"start":{"line":55,"column":27},"end":{"line":55,"column":47}},"line":55},"5":{"name":"(anonymous_5)","decl":{"start":{"line":61,"column":21},"end":{"line":61,"column":22}},"loc":{"start":{"line":61,"column":27},"end":{"line":65,"column":3}},"line":61},"6":{"name":"(anonymous_6)","decl":{"start":{"line":67,"column":12},"end":{"line":67,"column":13}},"loc":{"start":{"line":67,"column":18},"end":{"line":69,"column":3}},"line":67},"7":{"name":"handleClickOpen","decl":{"start":{"line":72,"column":11},"end":{"line":72,"column":26}},"loc":{"start":{"line":72,"column":34},"end":{"line":75,"column":3}},"line":72},"8":{"name":"handleDeleteClick","decl":{"start":{"line":78,"column":11},"end":{"line":78,"column":28}},"loc":{"start":{"line":78,"column":35},"end":{"line":82,"column":3}},"line":78},"9":{"name":"handleClose","decl":{"start":{"line":85,"column":11},"end":{"line":85,"column":22}},"loc":{"start":{"line":85,"column":25},"end":{"line":87,"column":3}},"line":85},"10":{"name":"deletingItem","decl":{"start":{"line":90,"column":11},"end":{"line":90,"column":23}},"loc":{"start":{"line":90,"column":26},"end":{"line":102,"column":3}},"line":90},"11":{"name":"(anonymous_11)","decl":{"start":{"line":98,"column":10},"end":{"line":98,"column":11}},"loc":{"start":{"line":98,"column":16},"end":{"line":101,"column":5}},"line":98},"12":{"name":"(anonymous_12)","decl":{"start":{"line":132,"column":20},"end":{"line":132,"column":21}},"loc":{"start":{"line":133,"column":12},"end":{"line":162,"column":18}},"line":133},"13":{"name":"(anonymous_13)","decl":{"start":{"line":152,"column":30},"end":{"line":152,"column":31}},"loc":{"start":{"line":152,"column":36},"end":{"line":152,"column":61}},"line":152},"14":{"name":"(anonymous_14)","decl":{"start":{"line":158,"column":30},"end":{"line":158,"column":31}},"loc":{"start":{"line":158,"column":36},"end":{"line":158,"column":63}},"line":158},"15":{"name":"printTags","decl":{"start":{"line":188,"column":9},"end":{"line":188,"column":18}},"loc":{"start":{"line":188,"column":30},"end":{"line":197,"column":1}},"line":188},"16":{"name":"(anonymous_16)","decl":{"start":{"line":192,"column":34},"end":{"line":192,"column":35}},"loc":{"start":{"line":192,"column":42},"end":{"line":194,"column":3}},"line":192},"17":{"name":"formatDate","decl":{"start":{"line":199,"column":9},"end":{"line":199,"column":19}},"loc":{"start":{"line":199,"column":32},"end":{"line":203,"column":1}},"line":199}},"branchMap":{"0":{"loc":{"start":{"line":48,"column":6},"end":{"line":50,"column":7}},"type":"if","locations":[{"start":{"line":48,"column":6},"end":{"line":50,"column":7}},{"start":{},"end":{}}],"line":48},"1":{"loc":{"start":{"line":55,"column":27},"end":{"line":55,"column":47}},"type":"cond-expr","locations":[{"start":{"line":55,"column":41},"end":{"line":55,"column":43}},{"start":{"line":55,"column":46},"end":{"line":55,"column":47}}],"line":55},"2":{"loc":{"start":{"line":62,"column":4},"end":{"line":64,"column":5}},"type":"if","locations":[{"start":{"line":62,"column":4},"end":{"line":64,"column":5}},{"start":{},"end":{}}],"line":62},"3":{"loc":{"start":{"line":165,"column":13},"end":{"line":165,"column":41}},"type":"cond-expr","locations":[{"start":{"line":165,"column":20},"end":{"line":165,"column":33}},{"start":{"line":165,"column":37},"end":{"line":165,"column":41}}],"line":165}},"s":{"0":1,"1":0,"2":0,"3":0,"4":0,"5":0,"6":0,"7":0,"8":0,"9":0,"10":0,"11":0,"12":0,"13":0,"14":0,"15":0,"16":0,"17":0,"18":0,"19":0,"20":0,"21":0,"22":0,"23":0,"24":0,"25":0,"26":0,"27":0,"28":0,"29":0,"30":0,"31":0,"32":0,"33":0,"34":0,"35":0,"36":0,"37":0,"38":0,"39":0,"40":0,"41":0,"42":0,"43":0,"44":0,"45":0,"46":0,"47":0},"f":{"0":0,"1":0,"2":0,"3":0,"4":0,"5":0,"6":0,"7":0,"8":0,"9":0,"10":0,"11":0,"12":0,"13":0,"14":0,"15":0,"16":0,"17":0},"b":{"0":[0,0],"1":[0,0],"2":[0,0],"3":[0,0]},"_coverageSchema":"1a1c01bbd47fc00a2c39e90264f33305004495a9","hash":"df130a8fe15c4e4c05e80af4c543afd79163a548"}
,"C:\\Users\\CJ\\Documents\\CSE115A Assignments\\Pantry\\frontend\\src\\components\\Navbar.js": {"path":"C:\\Users\\CJ\\Documents\\CSE115A Assignments\\Pantry\\frontend\\src\\components\\Navbar.js","statementMap":{"0":{"start":{"line":15,"column":25},"end":{"line":15,"column":34}},"1":{"start":{"line":17,"column":19},"end":{"line":20,"column":3}},"2":{"start":{"line":18,"column":4},"end":{"line":18,"column":27}},"3":{"start":{"line":19,"column":4},"end":{"line":19,"column":28}},"4":{"start":{"line":22,"column":34},"end":{"line":22,"column":54}},"5":{"start":{"line":24,"column":22},"end":{"line":26,"column":3}},"6":{"start":{"line":25,"column":4},"end":{"line":25,"column":37}},"7":{"start":{"line":28,"column":23},"end":{"line":30,"column":3}},"8":{"start":{"line":29,"column":4},"end":{"line":29,"column":22}},"9":{"start":{"line":32,"column":15},"end":{"line":32,"column":32}},"10":{"start":{"line":33,"column":13},"end":{"line":33,"column":48}},"11":{"start":{"line":34,"column":2},"end":{"line":60,"column":4}}},"fnMap":{"0":{"name":"Navbar","decl":{"start":{"line":14,"column":24},"end":{"line":14,"column":30}},"loc":{"start":{"line":14,"column":33},"end":{"line":61,"column":1}},"line":14},"1":{"name":"(anonymous_1)","decl":{"start":{"line":17,"column":19},"end":{"line":17,"column":20}},"loc":{"start":{"line":17,"column":30},"end":{"line":20,"column":3}},"line":17},"2":{"name":"(anonymous_2)","decl":{"start":{"line":24,"column":22},"end":{"line":24,"column":23}},"loc":{"start":{"line":24,"column":33},"end":{"line":26,"column":3}},"line":24},"3":{"name":"(anonymous_3)","decl":{"start":{"line":28,"column":23},"end":{"line":28,"column":24}},"loc":{"start":{"line":28,"column":29},"end":{"line":30,"column":3}},"line":28}},"branchMap":{"0":{"loc":{"start":{"line":33,"column":13},"end":{"line":33,"column":48}},"type":"cond-expr","locations":[{"start":{"line":33,"column":20},"end":{"line":33,"column":36}},{"start":{"line":33,"column":39},"end":{"line":33,"column":48}}],"line":33}},"s":{"0":0,"1":0,"2":0,"3":0,"4":0,"5":0,"6":0,"7":0,"8":0,"9":0,"10":0,"11":0},"f":{"0":0,"1":0,"2":0,"3":0},"b":{"0":[0,0]},"_coverageSchema":"1a1c01bbd47fc00a2c39e90264f33305004495a9","hash":"cda27f52c7c102fff958a93012cd2774366aa9ff"}
,"C:\\Users\\CJ\\Documents\\CSE115A Assignments\\Pantry\\frontend\\src\\components\\ProtectedRoute.js": {"path":"C:\\Users\\CJ\\Documents\\CSE115A Assignments\\Pantry\\frontend\\src\\components\\ProtectedRoute.js","statementMap":{"0":{"start":{"line":7,"column":30},"end":{"line":11,"column":1}},"1":{"start":{"line":8,"column":17},"end":{"line":8,"column":26}},"2":{"start":{"line":9,"column":19},"end":{"line":9,"column":32}},"3":{"start":{"line":10,"column":2},"end":{"line":10,"column":80}}},"fnMap":{"0":{"name":"(anonymous_0)","decl":{"start":{"line":7,"column":30},"end":{"line":7,"column":31}},"loc":{"start":{"line":7,"column":36},"end":{"line":11,"column":1}},"line":7}},"branchMap":{"0":{"loc":{"start":{"line":10,"column":9},"end":{"line":10,"column":79}},"type":"cond-expr","locations":[{"start":{"line":10,"column":16},"end":{"line":10,"column":25}},{"start":{"line":10,"column":28},"end":{"line":10,"column":79}}],"line":10}},"s":{"0":1,"1":0,"2":0,"3":0},"f":{"0":0},"b":{"0":[0,0]},"_coverageSchema":"1a1c01bbd47fc00a2c39e90264f33305004495a9","hash":"8b6c014ce8cc063ec4a33e8d3314c2cabbb60ef5"}
,"C:\\Users\\CJ\\Documents\\CSE115A Assignments\\Pantry\\frontend\\src\\components\\Rightbar.js": {"path":"C:\\Users\\CJ\\Documents\\CSE115A Assignments\\Pantry\\frontend\\src\\components\\Rightbar.js","statementMap":{"0":{"start":{"line":17,"column":22},"end":{"line":17,"column":32}},"1":{"start":{"line":20,"column":15},"end":{"line":20,"column":71}},"2":{"start":{"line":21,"column":16},"end":{"line":21,"column":73}},"3":{"start":{"line":22,"column":14},"end":{"line":22,"column":69}},"4":{"start":{"line":25,"column":24},"end":{"line":25,"column":54}},"5":{"start":{"line":28,"column":26},"end":{"line":28,"column":38}},"6":{"start":{"line":29,"column":30},"end":{"line":29,"column":41}},"7":{"start":{"line":30,"column":42},"end":{"line":31,"column":29}},"8":{"start":{"line":32,"column":28},"end":{"line":32,"column":40}},"9":{"start":{"line":33,"column":15},"end":{"line":33,"column":17}},"10":{"start":{"line":34,"column":25},"end":{"line":34,"column":34}},"11":{"start":{"line":37,"column":18},"end":{"line":37,"column":51}},"12":{"start":{"line":38,"column":18},"end":{"line":38,"column":40}},"13":{"start":{"line":39,"column":15},"end":{"line":39,"column":34}},"14":{"start":{"line":40,"column":19},"end":{"line":40,"column":26}},"15":{"start":{"line":42,"column":21},"end":{"line":44,"column":3}},"16":{"start":{"line":43,"column":4},"end":{"line":43,"column":47}},"17":{"start":{"line":46,"column":21},"end":{"line":83,"column":3}},"18":{"start":{"line":47,"column":4},"end":{"line":47,"column":27}},"19":{"start":{"line":49,"column":4},"end":{"line":82,"column":5}},"20":{"start":{"line":50,"column":25},"end":{"line":56,"column":7}},"21":{"start":{"line":57,"column":6},"end":{"line":57,"column":32}},"22":{"start":{"line":58,"column":6},"end":{"line":58,"column":30}},"23":{"start":{"line":59,"column":6},"end":{"line":79,"column":11}},"24":{"start":{"line":69,"column":10},"end":{"line":71,"column":11}},"25":{"start":{"line":70,"column":12},"end":{"line":70,"column":22}},"26":{"start":{"line":72,"column":10},"end":{"line":72,"column":28}},"27":{"start":{"line":75,"column":10},"end":{"line":75,"column":25}},"28":{"start":{"line":78,"column":10},"end":{"line":78,"column":21}},"29":{"start":{"line":81,"column":6},"end":{"line":81,"column":55}},"30":{"start":{"line":85,"column":19},"end":{"line":85,"column":66}},"31":{"start":{"line":86,"column":2},"end":{"line":161,"column":4}},"32":{"start":{"line":101,"column":31},"end":{"line":101,"column":54}},"33":{"start":{"line":120,"column":31},"end":{"line":120,"column":56}},"34":{"start":{"line":127,"column":31},"end":{"line":127,"column":62}},"35":{"start":{"line":138,"column":31},"end":{"line":138,"column":55}},"36":{"start":{"line":172,"column":15},"end":{"line":172,"column":17}},"37":{"start":{"line":174,"column":2},"end":{"line":187,"column":3}},"38":{"start":{"line":174,"column":15},"end":{"line":174,"column":16}},"39":{"start":{"line":175,"column":17},"end":{"line":175,"column":28}},"40":{"start":{"line":176,"column":4},"end":{"line":186,"column":6}},"41":{"start":{"line":182,"column":27},"end":{"line":182,"column":61}},"42":{"start":{"line":188,"column":2},"end":{"line":188,"column":14}}},"fnMap":{"0":{"name":"Rightbar","decl":{"start":{"line":15,"column":24},"end":{"line":15,"column":32}},"loc":{"start":{"line":15,"column":35},"end":{"line":162,"column":1}},"line":15},"1":{"name":"(anonymous_1)","decl":{"start":{"line":42,"column":21},"end":{"line":42,"column":22}},"loc":{"start":{"line":42,"column":36},"end":{"line":44,"column":3}},"line":42},"2":{"name":"(anonymous_2)","decl":{"start":{"line":46,"column":21},"end":{"line":46,"column":22}},"loc":{"start":{"line":46,"column":32},"end":{"line":83,"column":3}},"line":46},"3":{"name":"(anonymous_3)","decl":{"start":{"line":68,"column":14},"end":{"line":68,"column":15}},"loc":{"start":{"line":68,"column":23},"end":{"line":73,"column":9}},"line":68},"4":{"name":"(anonymous_4)","decl":{"start":{"line":74,"column":14},"end":{"line":74,"column":15}},"loc":{"start":{"line":74,"column":24},"end":{"line":76,"column":9}},"line":74},"5":{"name":"(anonymous_5)","decl":{"start":{"line":77,"column":15},"end":{"line":77,"column":16}},"loc":{"start":{"line":77,"column":24},"end":{"line":79,"column":9}},"line":77},"6":{"name":"(anonymous_6)","decl":{"start":{"line":101,"column":24},"end":{"line":101,"column":25}},"loc":{"start":{"line":101,"column":31},"end":{"line":101,"column":54}},"line":101},"7":{"name":"(anonymous_7)","decl":{"start":{"line":120,"column":24},"end":{"line":120,"column":25}},"loc":{"start":{"line":120,"column":31},"end":{"line":120,"column":56}},"line":120},"8":{"name":"(anonymous_8)","decl":{"start":{"line":127,"column":24},"end":{"line":127,"column":25}},"loc":{"start":{"line":127,"column":31},"end":{"line":127,"column":62}},"line":127},"9":{"name":"(anonymous_9)","decl":{"start":{"line":138,"column":24},"end":{"line":138,"column":25}},"loc":{"start":{"line":138,"column":31},"end":{"line":138,"column":55}},"line":138},"10":{"name":"createTagButtons","decl":{"start":{"line":171,"column":9},"end":{"line":171,"column":25}},"loc":{"start":{"line":171,"column":48},"end":{"line":189,"column":1}},"line":171},"11":{"name":"(anonymous_11)","decl":{"start":{"line":182,"column":20},"end":{"line":182,"column":21}},"loc":{"start":{"line":182,"column":27},"end":{"line":182,"column":61}},"line":182}},"branchMap":{"0":{"loc":{"start":{"line":43,"column":4},"end":{"line":43,"column":46}},"type":"cond-expr","locations":[{"start":{"line":43,"column":11},"end":{"line":43,"column":27}},{"start":{"line":43,"column":30},"end":{"line":43,"column":46}}],"line":43},"1":{"loc":{"start":{"line":49,"column":4},"end":{"line":82,"column":5}},"type":"if","locations":[{"start":{"line":49,"column":4},"end":{"line":82,"column":5}},{"start":{"line":80,"column":11},"end":{"line":82,"column":5}}],"line":49},"2":{"loc":{"start":{"line":69,"column":10},"end":{"line":71,"column":11}},"type":"if","locations":[{"start":{"line":69,"column":10},"end":{"line":71,"column":11}},{"start":{},"end":{}}],"line":69}},"s":{"0":0,"1":0,"2":0,"3":0,"4":0,"5":0,"6":0,"7":0,"8":0,"9":0,"10":0,"11":0,"12":0,"13":0,"14":0,"15":0,"16":0,"17":0,"18":0,"19":0,"20":0,"21":0,"22":0,"23":0,"24":0,"25":0,"26":0,"27":0,"28":0,"29":0,"30":0,"31":0,"32":0,"33":0,"34":0,"35":0,"36":0,"37":0,"38":0,"39":0,"40":0,"41":0,"42":0},"f":{"0":0,"1":0,"2":0,"3":0,"4":0,"5":0,"6":0,"7":0,"8":0,"9":0,"10":0,"11":0},"b":{"0":[0,0],"1":[0,0],"2":[0,0]},"_coverageSchema":"1a1c01bbd47fc00a2c39e90264f33305004495a9","hash":"c0d453bb44ca58a6f25b4f89cae563f85a888c11"}
,"C:\\Users\\CJ\\Documents\\CSE115A Assignments\\Pantry\\frontend\\src\\components\\SelectList.js": {"path":"C:\\Users\\CJ\\Documents\\CSE115A Assignments\\Pantry\\frontend\\src\\components\\SelectList.js","statementMap":{"0":{"start":{"line":17,"column":18},"end":{"line":17,"column":51}},"1":{"start":{"line":19,"column":25},"end":{"line":19,"column":32}},"2":{"start":{"line":22,"column":23},"end":{"line":30,"column":3}},"3":{"start":{"line":23,"column":17},"end":{"line":25,"column":6}},"4":{"start":{"line":24,"column":6},"end":{"line":24,"column":43}},"5":{"start":{"line":27,"column":4},"end":{"line":27,"column":28}},"6":{"start":{"line":28,"column":4},"end":{"line":28,"column":36}},"7":{"start":{"line":29,"column":4},"end":{"line":29,"column":26}},"8":{"start":{"line":32,"column":2},"end":{"line":45,"column":4}},"9":{"start":{"line":41,"column":10},"end":{"line":41,"column":77}}},"fnMap":{"0":{"name":"SelectList","decl":{"start":{"line":16,"column":24},"end":{"line":16,"column":34}},"loc":{"start":{"line":16,"column":37},"end":{"line":46,"column":1}},"line":16},"1":{"name":"(anonymous_1)","decl":{"start":{"line":22,"column":23},"end":{"line":22,"column":24}},"loc":{"start":{"line":22,"column":34},"end":{"line":30,"column":3}},"line":22},"2":{"name":"(anonymous_2)","decl":{"start":{"line":23,"column":39},"end":{"line":23,"column":40}},"loc":{"start":{"line":23,"column":48},"end":{"line":25,"column":5}},"line":23},"3":{"name":"(anonymous_3)","decl":{"start":{"line":40,"column":28},"end":{"line":40,"column":29}},"loc":{"start":{"line":41,"column":10},"end":{"line":41,"column":77}},"line":41}},"branchMap":{},"s":{"0":0,"1":0,"2":0,"3":0,"4":0,"5":0,"6":0,"7":0,"8":0,"9":0},"f":{"0":0,"1":0,"2":0,"3":0},"b":{},"_coverageSchema":"1a1c01bbd47fc00a2c39e90264f33305004495a9","hash":"168bfc334ab28d62026f04f10a6109779e76fc59"}
,"C:\\Users\\CJ\\Documents\\CSE115A Assignments\\Pantry\\frontend\\src\\components\\ShareList.js": {"path":"C:\\Users\\CJ\\Documents\\CSE115A Assignments\\Pantry\\frontend\\src\\components\\ShareList.js","statementMap":{"0":{"start":{"line":23,"column":18},"end":{"line":23,"column":51}},"1":{"start":{"line":24,"column":27},"end":{"line":24,"column":34}},"2":{"start":{"line":25,"column":42},"end":{"line":25,"column":60}},"3":{"start":{"line":26,"column":36},"end":{"line":26,"column":57}},"4":{"start":{"line":29,"column":23},"end":{"line":36,"column":3}},"5":{"start":{"line":30,"column":17},"end":{"line":32,"column":6}},"6":{"start":{"line":31,"column":6},"end":{"line":31,"column":43}},"7":{"start":{"line":34,"column":4},"end":{"line":34,"column":29}},"8":{"start":{"line":35,"column":4},"end":{"line":35,"column":23}},"9":{"start":{"line":43,"column":4},"end":{"line":43,"column":24}},"10":{"start":{"line":46,"column":2},"end":{"line":77,"column":4}},"11":{"start":{"line":58,"column":12},"end":{"line":58,"column":79}}},"fnMap":{"0":{"name":"ShareList","decl":{"start":{"line":22,"column":24},"end":{"line":22,"column":33}},"loc":{"start":{"line":22,"column":36},"end":{"line":78,"column":1}},"line":22},"1":{"name":"(anonymous_1)","decl":{"start":{"line":29,"column":23},"end":{"line":29,"column":24}},"loc":{"start":{"line":29,"column":34},"end":{"line":36,"column":3}},"line":29},"2":{"name":"(anonymous_2)","decl":{"start":{"line":30,"column":39},"end":{"line":30,"column":40}},"loc":{"start":{"line":30,"column":48},"end":{"line":32,"column":5}},"line":30},"3":{"name":"handleClose","decl":{"start":{"line":42,"column":11},"end":{"line":42,"column":22}},"loc":{"start":{"line":42,"column":25},"end":{"line":44,"column":3}},"line":42},"4":{"name":"(anonymous_4)","decl":{"start":{"line":57,"column":30},"end":{"line":57,"column":31}},"loc":{"start":{"line":58,"column":12},"end":{"line":58,"column":79}},"line":58}},"branchMap":{},"s":{"0":0,"1":0,"2":0,"3":0,"4":0,"5":0,"6":0,"7":0,"8":0,"9":0,"10":0,"11":0},"f":{"0":0,"1":0,"2":0,"3":0,"4":0},"b":{},"_coverageSchema":"1a1c01bbd47fc00a2c39e90264f33305004495a9","hash":"7cf18273a4bb3ab2e31b38c2f0613e6692073df9"}
,"C:\\Users\\CJ\\Documents\\CSE115A Assignments\\Pantry\\frontend\\src\\components\\Sidebar.js": {"path":"C:\\Users\\CJ\\Documents\\CSE115A Assignments\\Pantry\\frontend\\src\\components\\Sidebar.js","statementMap":{"0":{"start":{"line":12,"column":14},"end":{"line":23,"column":1}},"1":{"start":{"line":25,"column":20},"end":{"line":27,"column":1}},"2":{"start":{"line":29,"column":18},"end":{"line":34,"column":1}},"3":{"start":{"line":43,"column":34},"end":{"line":43,"column":55}},"4":{"start":{"line":44,"column":38},"end":{"line":44,"column":59}},"5":{"start":{"line":45,"column":34},"end":{"line":45,"column":52}},"6":{"start":{"line":46,"column":40},"end":{"line":46,"column":58}},"7":{"start":{"line":47,"column":25},"end":{"line":47,"column":34}},"8":{"start":{"line":50,"column":18},"end":{"line":50,"column":51}},"9":{"start":{"line":51,"column":18},"end":{"line":51,"column":40}},"10":{"start":{"line":52,"column":15},"end":{"line":52,"column":34}},"11":{"start":{"line":54,"column":23},"end":{"line":56,"column":3}},"12":{"start":{"line":55,"column":4},"end":{"line":55,"column":25}},"13":{"start":{"line":58,"column":21},"end":{"line":60,"column":3}},"14":{"start":{"line":59,"column":4},"end":{"line":59,"column":23}},"15":{"start":{"line":62,"column":21},"end":{"line":94,"column":3}},"16":{"start":{"line":63,"column":4},"end":{"line":63,"column":27}},"17":{"start":{"line":64,"column":4},"end":{"line":64,"column":40}},"18":{"start":{"line":65,"column":4},"end":{"line":65,"column":29}},"19":{"start":{"line":66,"column":20},"end":{"line":69,"column":5}},"20":{"start":{"line":70,"column":4},"end":{"line":70,"column":41}},"21":{"start":{"line":71,"column":4},"end":{"line":93,"column":9}},"22":{"start":{"line":81,"column":8},"end":{"line":83,"column":9}},"23":{"start":{"line":82,"column":10},"end":{"line":82,"column":20}},"24":{"start":{"line":84,"column":8},"end":{"line":84,"column":26}},"25":{"start":{"line":87,"column":8},"end":{"line":87,"column":23}},"26":{"start":{"line":88,"column":8},"end":{"line":88,"column":32}},"27":{"start":{"line":89,"column":8},"end":{"line":89,"column":27}},"28":{"start":{"line":92,"column":8},"end":{"line":92,"column":19}},"29":{"start":{"line":96,"column":23},"end":{"line":125,"column":3}},"30":{"start":{"line":97,"column":4},"end":{"line":97,"column":27}},"31":{"start":{"line":99,"column":23},"end":{"line":101,"column":5}},"32":{"start":{"line":103,"column":4},"end":{"line":124,"column":9}},"33":{"start":{"line":113,"column":8},"end":{"line":115,"column":9}},"34":{"start":{"line":114,"column":10},"end":{"line":114,"column":20}},"35":{"start":{"line":116,"column":8},"end":{"line":116,"column":26}},"36":{"start":{"line":119,"column":8},"end":{"line":119,"column":23}},"37":{"start":{"line":120,"column":8},"end":{"line":120,"column":29}},"38":{"start":{"line":123,"column":8},"end":{"line":123,"column":19}},"39":{"start":{"line":127,"column":2},"end":{"line":221,"column":4}},"40":{"start":{"line":134,"column":29},"end":{"line":134,"column":46}},"41":{"start":{"line":141,"column":29},"end":{"line":141,"column":47}},"42":{"start":{"line":165,"column":41},"end":{"line":165,"column":71}},"43":{"start":{"line":179,"column":29},"end":{"line":179,"column":48}},"44":{"start":{"line":186,"column":29},"end":{"line":186,"column":49}},"45":{"start":{"line":199,"column":41},"end":{"line":199,"column":68}}},"fnMap":{"0":{"name":"Sidebar","decl":{"start":{"line":41,"column":24},"end":{"line":41,"column":31}},"loc":{"start":{"line":41,"column":34},"end":{"line":222,"column":1}},"line":41},"1":{"name":"(anonymous_1)","decl":{"start":{"line":54,"column":23},"end":{"line":54,"column":24}},"loc":{"start":{"line":54,"column":29},"end":{"line":56,"column":3}},"line":54},"2":{"name":"(anonymous_2)","decl":{"start":{"line":58,"column":21},"end":{"line":58,"column":22}},"loc":{"start":{"line":58,"column":27},"end":{"line":60,"column":3}},"line":58},"3":{"name":"(anonymous_3)","decl":{"start":{"line":62,"column":21},"end":{"line":62,"column":22}},"loc":{"start":{"line":62,"column":32},"end":{"line":94,"column":3}},"line":62},"4":{"name":"(anonymous_4)","decl":{"start":{"line":80,"column":12},"end":{"line":80,"column":13}},"loc":{"start":{"line":80,"column":21},"end":{"line":85,"column":7}},"line":80},"5":{"name":"(anonymous_5)","decl":{"start":{"line":86,"column":12},"end":{"line":86,"column":13}},"loc":{"start":{"line":86,"column":22},"end":{"line":90,"column":7}},"line":86},"6":{"name":"(anonymous_6)","decl":{"start":{"line":91,"column":13},"end":{"line":91,"column":14}},"loc":{"start":{"line":91,"column":22},"end":{"line":93,"column":7}},"line":91},"7":{"name":"(anonymous_7)","decl":{"start":{"line":96,"column":23},"end":{"line":96,"column":24}},"loc":{"start":{"line":96,"column":34},"end":{"line":125,"column":3}},"line":96},"8":{"name":"(anonymous_8)","decl":{"start":{"line":112,"column":12},"end":{"line":112,"column":13}},"loc":{"start":{"line":112,"column":21},"end":{"line":117,"column":7}},"line":112},"9":{"name":"(anonymous_9)","decl":{"start":{"line":118,"column":12},"end":{"line":118,"column":13}},"loc":{"start":{"line":118,"column":18},"end":{"line":121,"column":7}},"line":118},"10":{"name":"(anonymous_10)","decl":{"start":{"line":122,"column":13},"end":{"line":122,"column":14}},"loc":{"start":{"line":122,"column":22},"end":{"line":124,"column":7}},"line":122},"11":{"name":"(anonymous_11)","decl":{"start":{"line":134,"column":23},"end":{"line":134,"column":24}},"loc":{"start":{"line":134,"column":29},"end":{"line":134,"column":46}},"line":134},"12":{"name":"(anonymous_12)","decl":{"start":{"line":141,"column":23},"end":{"line":141,"column":24}},"loc":{"start":{"line":141,"column":29},"end":{"line":141,"column":47}},"line":141},"13":{"name":"(anonymous_13)","decl":{"start":{"line":165,"column":34},"end":{"line":165,"column":35}},"loc":{"start":{"line":165,"column":41},"end":{"line":165,"column":71}},"line":165},"14":{"name":"(anonymous_14)","decl":{"start":{"line":179,"column":23},"end":{"line":179,"column":24}},"loc":{"start":{"line":179,"column":29},"end":{"line":179,"column":48}},"line":179},"15":{"name":"(anonymous_15)","decl":{"start":{"line":186,"column":23},"end":{"line":186,"column":24}},"loc":{"start":{"line":186,"column":29},"end":{"line":186,"column":49}},"line":186},"16":{"name":"(anonymous_16)","decl":{"start":{"line":199,"column":34},"end":{"line":199,"column":35}},"loc":{"start":{"line":199,"column":41},"end":{"line":199,"column":68}},"line":199}},"branchMap":{"0":{"loc":{"start":{"line":81,"column":8},"end":{"line":83,"column":9}},"type":"if","locations":[{"start":{"line":81,"column":8},"end":{"line":83,"column":9}},{"start":{},"end":{}}],"line":81},"1":{"loc":{"start":{"line":113,"column":8},"end":{"line":115,"column":9}},"type":"if","locations":[{"start":{"line":113,"column":8},"end":{"line":115,"column":9}},{"start":{},"end":{}}],"line":113}},"s":{"0":1,"1":1,"2":1,"3":0,"4":0,"5":0,"6":0,"7":0,"8":0,"9":0,"10":0,"11":0,"12":0,"13":0,"14":0,"15":0,"16":0,"17":0,"18":0,"19":0,"20":0,"21":0,"22":0,"23":0,"24":0,"25":0,"26":0,"27":0,"28":0,"29":0,"30":0,"31":0,"32":0,"33":0,"34":0,"35":0,"36":0,"37":0,"38":0,"39":0,"40":0,"41":0,"42":0,"43":0,"44":0,"45":0},"f":{"0":0,"1":0,"2":0,"3":0,"4":0,"5":0,"6":0,"7":0,"8":0,"9":0,"10":0,"11":0,"12":0,"13":0,"14":0,"15":0,"16":0},"b":{"0":[0,0],"1":[0,0]},"_coverageSchema":"1a1c01bbd47fc00a2c39e90264f33305004495a9","hash":"06789e2f071d2aeebf7f85f8b0b00538ad290190"}
,"C:\\Users\\CJ\\Documents\\CSE115A Assignments\\Pantry\\frontend\\src\\components\\UseLocalStorage.js": {"path":"C:\\Users\\CJ\\Documents\\CSE115A Assignments\\Pantry\\frontend\\src\\components\\UseLocalStorage.js","statementMap":{"0":{"start":{"line":6,"column":31},"end":{"line":30,"column":1}},"1":{"start":{"line":8,"column":40},"end":{"line":20,"column":4}},"2":{"start":{"line":9,"column":4},"end":{"line":19,"column":5}},"3":{"start":{"line":10,"column":20},"end":{"line":10,"column":49}},"4":{"start":{"line":11,"column":6},"end":{"line":16,"column":7}},"5":{"start":{"line":12,"column":8},"end":{"line":12,"column":33}},"6":{"start":{"line":14,"column":8},"end":{"line":14,"column":68}},"7":{"start":{"line":15,"column":8},"end":{"line":15,"column":28}},"8":{"start":{"line":18,"column":6},"end":{"line":18,"column":26}},"9":{"start":{"line":23,"column":19},"end":{"line":28,"column":3}},"10":{"start":{"line":24,"column":4},"end":{"line":26,"column":20}},"11":{"start":{"line":25,"column":6},"end":{"line":25,"column":62}},"12":{"start":{"line":27,"column":4},"end":{"line":27,"column":29}},"13":{"start":{"line":29,"column":2},"end":{"line":29,"column":33}}},"fnMap":{"0":{"name":"(anonymous_0)","decl":{"start":{"line":6,"column":31},"end":{"line":6,"column":32}},"loc":{"start":{"line":6,"column":58},"end":{"line":30,"column":1}},"line":6},"1":{"name":"(anonymous_1)","decl":{"start":{"line":8,"column":49},"end":{"line":8,"column":50}},"loc":{"start":{"line":8,"column":55},"end":{"line":20,"column":3}},"line":8},"2":{"name":"(anonymous_2)","decl":{"start":{"line":23,"column":19},"end":{"line":23,"column":20}},"loc":{"start":{"line":23,"column":33},"end":{"line":28,"column":3}},"line":23}},"branchMap":{"0":{"loc":{"start":{"line":11,"column":6},"end":{"line":16,"column":7}},"type":"if","locations":[{"start":{"line":11,"column":6},"end":{"line":16,"column":7}},{"start":{"line":13,"column":13},"end":{"line":16,"column":7}}],"line":11}},"s":{"0":1,"1":11,"2":8,"3":8,"4":8,"5":7,"6":1,"7":1,"8":0,"9":11,"10":0,"11":0,"12":0,"13":11},"f":{"0":11,"1":8,"2":0},"b":{"0":[7,1]},"_coverageSchema":"1a1c01bbd47fc00a2c39e90264f33305004495a9","hash":"5bca128916fa8ca5eb6d01dc6f30e53e52b25701"}
}
