TN:
SF:src\components\App.js
FN:25,App
FN:35,(anonymous_1)
FNF:2
FNH:1
FNDA:5,App
FNDA:0,(anonymous_1)
DA:23,1
DA:26,5
DA:27,4
DA:28,4
DA:29,4
DA:30,4
DA:31,4
DA:32,4
DA:33,4
DA:35,4
DA:36,0
DA:37,0
DA:40,4
LF:13
LH:11
BRDA:52,0,0,0
BRDA:52,0,1,4
BRF:2
BRH:1
end_of_record
TN:
SF:src\components\AuthProvider.js
FN:9,(anonymous_0)
FN:15,(anonymous_1)
FN:19,(anonymous_2)
FN:25,(anonymous_3)
FN:31,(anonymous_4)
FN:36,(anonymous_5)
FN:41,(anonymous_6)
FN:50,(anonymous_7)
FNF:8
FNH:2
FNDA:7,(anonymous_0)
FNDA:0,(anonymous_1)
FNDA:0,(anonymous_2)
FNDA:0,(anonymous_3)
FNDA:0,(anonymous_4)
FNDA:0,(anonymous_5)
FNDA:0,(anonymous_6)
FNDA:12,(anonymous_7)
DA:7,1
DA:9,1
DA:10,7
DA:11,7
DA:12,7
DA:15,7
DA:16,0
DA:19,7
DA:20,0
DA:21,0
DA:25,7
DA:26,0
DA:27,0
DA:28,0
DA:31,7
DA:32,0
DA:33,0
DA:36,7
DA:37,0
DA:38,0
DA:41,7
DA:42,0
DA:43,0
DA:46,7
DA:50,1
DA:51,12
LF:26
LH:14
BRDA:20,0,0,0
BRDA:20,0,1,0
BRF:2
BRH:0
end_of_record
TN:
SF:src\components\CreateAccount.js
FN:15,CreateAccount
FN:21,(anonymous_1)
FN:28,(anonymous_2)
FN:34,(anonymous_3)
FN:45,(anonymous_4)
FN:51,(anonymous_5)
FN:54,(anonymous_6)
FN:63,(anonymous_7)
FNF:8
FNH:2
FNDA:3,CreateAccount
FNDA:0,(anonymous_1)
FNDA:0,(anonymous_2)
FNDA:0,(anonymous_3)
FNDA:0,(anonymous_4)
FNDA:0,(anonymous_5)
FNDA:0,(anonymous_6)
FNDA:1,(anonymous_7)
DA:16,3
DA:17,2
DA:18,2
DA:19,2
DA:21,2
DA:22,0
DA:23,0
DA:24,0
DA:25,0
DA:28,2
DA:29,0
DA:30,0
DA:34,2
DA:35,0
DA:37,0
DA:38,0
DA:46,0
DA:47,0
DA:49,0
DA:52,0
DA:55,0
DA:56,0
DA:59,0
DA:63,2
DA:64,1
DA:68,2
LF:26
LH:10
BRDA:37,0,0,0
BRDA:37,0,1,0
BRDA:46,1,0,0
BRDA:46,1,1,0
BRF:4
BRH:0
end_of_record
TN:
SF:src\components\DeleteList.js
FN:19,DeleteList
FN:28,(anonymous_1)
FN:29,(anonymous_2)
FN:37,handleClose
FN:41,deletingItem
FN:49,(anonymous_5)
FN:64,(anonymous_6)
FNF:7
FNH:0
FNDA:0,DeleteList
FNDA:0,(anonymous_1)
FNDA:0,(anonymous_2)
FNDA:0,handleClose
FNDA:0,deletingItem
FNDA:0,(anonymous_5)
FNDA:0,(anonymous_6)
DA:20,0
DA:21,0
DA:22,0
DA:23,0
DA:24,0
DA:25,0
DA:26,0
DA:28,0
DA:29,0
DA:30,0
DA:33,0
DA:34,0
DA:38,0
DA:42,0
DA:50,0
DA:51,0
DA:55,0
DA:65,0
LF:18
LH:0
BRF:0
BRH:0
end_of_record
TN:
SF:src\components\Dummy.js
FN:10,getDummy
FN:13,(anonymous_1)
FN:19,(anonymous_2)
FN:22,(anonymous_3)
FN:32,Dummy
FN:40,(anonymous_5)
FNF:6
FNH:6
FNDA:2,getDummy
FNDA:2,(anonymous_1)
FNDA:1,(anonymous_2)
FNDA:1,(anonymous_3)
FNDA:4,Dummy
FNDA:2,(anonymous_5)
DA:12,2
DA:14,2
DA:15,1
DA:17,1
DA:20,1
DA:23,1
DA:33,4
DA:34,4
DA:41,2
LF:9
LH:9
BRDA:14,0,0,1
BRDA:14,0,1,1
BRF:2
BRH:2
end_of_record
TN:
SF:src\components\EditDialog.js
FN:16,EditDialog
FN:28,(anonymous_1)
FN:35,(anonymous_2)
FN:39,(anonymous_3)
FN:51,formatDate
FN:58,createTagButtons
FN:70,(anonymous_6)
FN:79,(anonymous_7)
FN:91,(anonymous_8)
FN:97,(anonymous_9)
FNF:10
FNH:0
FNDA:0,EditDialog
FNDA:0,(anonymous_1)
FNDA:0,(anonymous_2)
FNDA:0,(anonymous_3)
FNDA:0,formatDate
FNDA:0,createTagButtons
FNDA:0,(anonymous_6)
FNDA:0,(anonymous_7)
FNDA:0,(anonymous_8)
FNDA:0,(anonymous_9)
DA:17,0
DA:18,0
DA:19,0
DA:20,0
DA:21,0
DA:22,0
DA:25,0
DA:26,0
DA:28,0
DA:29,0
DA:30,0
DA:31,0
DA:32,0
DA:35,0
DA:36,0
DA:39,0
DA:40,0
DA:41,0
DA:43,0
DA:44,0
DA:46,0
DA:48,0
DA:52,0
DA:53,0
DA:54,0
DA:55,0
DA:59,0
DA:61,0
DA:62,0
DA:63,0
DA:70,0
DA:76,0
DA:79,0
DA:80,0
DA:82,0
DA:92,0
DA:93,0
DA:95,0
DA:98,0
DA:99,0
DA:103,0
LF:41
LH:0
BRDA:31,0,0,0
BRDA:31,0,1,0
BRDA:43,1,0,0
BRDA:43,1,1,0
BRDA:92,2,0,0
BRDA:92,2,1,0
BRF:6
BRH:0
end_of_record
TN:
SF:src\components\Login.js
FN:19,Login
FN:25,(anonymous_1)
FN:32,(anonymous_2)
FN:37,(anonymous_3)
FN:47,(anonymous_4)
FN:53,(anonymous_5)
FN:57,(anonymous_6)
FNF:7
FNH:4
FNDA:6,Login
FNDA:0,(anonymous_1)
FNDA:2,(anonymous_2)
FNDA:1,(anonymous_3)
FNDA:0,(anonymous_4)
FNDA:0,(anonymous_5)
FNDA:1,(anonymous_6)
DA:20,6
DA:21,5
DA:22,5
DA:25,5
DA:26,0
DA:27,0
DA:28,0
DA:29,0
DA:32,5
DA:33,2
DA:37,5
DA:38,1
DA:40,1
DA:48,0
DA:49,0
DA:51,0
DA:54,0
DA:55,0
DA:58,1
DA:59,1
DA:63,5
LF:21
LH:12
BRDA:48,0,0,0
BRDA:48,0,1,0
BRF:2
BRH:0
end_of_record
TN:
SF:src\components\MainScreen.js
FN:18,MainScreen
FN:26,(anonymous_1)
FN:44,(anonymous_2)
FN:52,(anonymous_3)
FN:58,(anonymous_4)
FN:65,(anonymous_5)
FNF:6
FNH:0
FNDA:0,MainScreen
FNDA:0,(anonymous_1)
FNDA:0,(anonymous_2)
FNDA:0,(anonymous_3)
FNDA:0,(anonymous_4)
FNDA:0,(anonymous_5)
DA:19,0
DA:20,0
DA:21,0
DA:22,0
DA:23,0
DA:26,0
DA:27,0
DA:29,0
DA:30,0
DA:31,0
DA:32,0
DA:34,0
DA:35,0
DA:39,0
DA:44,0
DA:45,0
DA:53,0
DA:54,0
DA:56,0
DA:59,0
DA:60,0
DA:65,0
DA:66,0
DA:69,0
LF:24
LH:0
BRDA:29,0,0,0
BRDA:29,0,1,0
BRDA:34,1,0,0
BRDA:34,1,1,0
BRDA:53,2,0,0
BRDA:53,2,1,0
BRF:6
BRH:0
end_of_record
TN:
SF:src\components\Mainlist.js
FN:24,Mainlist
FN:38,checkList
FN:47,(anonymous_2)
FN:53,(anonymous_3)
FN:55,(anonymous_4)
FN:61,(anonymous_5)
FN:67,(anonymous_6)
FN:72,handleClickOpen
FN:78,handleDeleteClick
FN:85,handleClose
FN:90,deletingItem
FN:98,(anonymous_11)
FN:132,(anonymous_12)
FN:152,(anonymous_13)
FN:158,(anonymous_14)
FN:188,printTags
FN:192,(anonymous_16)
FN:199,formatDate
FNF:18
FNH:0
FNDA:0,Mainlist
FNDA:0,checkList
FNDA:0,(anonymous_2)
FNDA:0,(anonymous_3)
FNDA:0,(anonymous_4)
FNDA:0,(anonymous_5)
FNDA:0,(anonymous_6)
FNDA:0,handleClickOpen
FNDA:0,handleDeleteClick
FNDA:0,handleClose
FNDA:0,deletingItem
FNDA:0,(anonymous_11)
FNDA:0,(anonymous_12)
FNDA:0,(anonymous_13)
FNDA:0,(anonymous_14)
FNDA:0,printTags
FNDA:0,(anonymous_16)
FNDA:0,formatDate
DA:22,1
DA:25,0
DA:26,0
DA:27,0
DA:28,0
DA:29,0
DA:30,0
DA:31,0
DA:32,0
DA:33,0
DA:34,0
DA:39,0
DA:40,0
DA:48,0
DA:49,0
DA:51,0
DA:54,0
DA:55,0
DA:56,0
DA:61,0
DA:62,0
DA:63,0
DA:67,0
DA:68,0
DA:73,0
DA:74,0
DA:79,0
DA:80,0
DA:81,0
DA:86,0
DA:91,0
DA:99,0
DA:100,0
DA:105,0
DA:133,0
DA:152,0
DA:158,0
DA:189,0
DA:190,0
DA:191,0
DA:192,0
DA:193,0
DA:195,0
DA:196,0
DA:200,0
DA:201,0
DA:202,0
LF:47
LH:1
BRDA:48,0,0,0
BRDA:48,0,1,0
BRDA:55,1,0,0
BRDA:55,1,1,0
BRDA:62,2,0,0
BRDA:62,2,1,0
BRDA:165,3,0,0
BRDA:165,3,1,0
BRF:8
BRH:0
end_of_record
TN:
SF:src\components\Navbar.js
FN:14,Navbar
FN:17,(anonymous_1)
FN:24,(anonymous_2)
FN:28,(anonymous_3)
FNF:4
FNH:0
FNDA:0,Navbar
FNDA:0,(anonymous_1)
FNDA:0,(anonymous_2)
FNDA:0,(anonymous_3)
DA:15,0
DA:17,0
DA:18,0
DA:19,0
DA:22,0
DA:24,0
DA:25,0
DA:28,0
DA:29,0
DA:32,0
DA:33,0
DA:34,0
LF:12
LH:0
BRDA:33,0,0,0
BRDA:33,0,1,0
BRF:2
BRH:0
end_of_record
TN:
SF:src\components\ProtectedRoute.js
FN:7,(anonymous_0)
FNF:1
FNH:0
FNDA:0,(anonymous_0)
DA:7,1
DA:8,0
DA:9,0
DA:10,0
LF:4
LH:1
BRDA:10,0,0,0
BRDA:10,0,1,0
BRF:2
BRH:0
end_of_record
TN:
SF:src\components\Rightbar.js
FN:15,Rightbar
FN:42,(anonymous_1)
FN:46,(anonymous_2)
FN:68,(anonymous_3)
FN:74,(anonymous_4)
FN:77,(anonymous_5)
FN:101,(anonymous_6)
FN:120,(anonymous_7)
FN:127,(anonymous_8)
FN:138,(anonymous_9)
FN:171,createTagButtons
FN:182,(anonymous_11)
FNF:12
FNH:0
FNDA:0,Rightbar
FNDA:0,(anonymous_1)
FNDA:0,(anonymous_2)
FNDA:0,(anonymous_3)
FNDA:0,(anonymous_4)
FNDA:0,(anonymous_5)
FNDA:0,(anonymous_6)
FNDA:0,(anonymous_7)
FNDA:0,(anonymous_8)
FNDA:0,(anonymous_9)
FNDA:0,createTagButtons
FNDA:0,(anonymous_11)
DA:17,0
DA:20,0
DA:21,0
DA:22,0
DA:25,0
DA:28,0
DA:29,0
DA:30,0
DA:32,0
DA:33,0
DA:34,0
DA:37,0
DA:38,0
DA:39,0
DA:40,0
DA:42,0
DA:43,0
DA:46,0
DA:47,0
DA:49,0
DA:50,0
DA:57,0
DA:58,0
DA:59,0
DA:69,0
DA:70,0
DA:72,0
DA:75,0
DA:78,0
DA:81,0
DA:85,0
DA:86,0
DA:101,0
DA:120,0
DA:127,0
DA:138,0
DA:172,0
DA:174,0
DA:175,0
DA:176,0
DA:182,0
DA:188,0
LF:42
LH:0
BRDA:43,0,0,0
BRDA:43,0,1,0
BRDA:49,1,0,0
BRDA:49,1,1,0
BRDA:69,2,0,0
BRDA:69,2,1,0
BRF:6
BRH:0
end_of_record
TN:
SF:src\components\SelectList.js
FN:16,SelectList
FN:22,(anonymous_1)
FN:23,(anonymous_2)
FN:40,(anonymous_3)
FNF:4
FNH:0
FNDA:0,SelectList
FNDA:0,(anonymous_1)
FNDA:0,(anonymous_2)
FNDA:0,(anonymous_3)
DA:17,0
DA:19,0
DA:22,0
DA:23,0
DA:24,0
DA:27,0
DA:28,0
DA:29,0
DA:32,0
DA:41,0
LF:10
LH:0
BRF:0
BRH:0
end_of_record
TN:
SF:src\components\ShareList.js
FN:22,ShareList
FN:29,(anonymous_1)
FN:30,(anonymous_2)
FN:42,handleClose
FN:57,(anonymous_4)
FNF:5
FNH:0
FNDA:0,ShareList
FNDA:0,(anonymous_1)
FNDA:0,(anonymous_2)
FNDA:0,handleClose
FNDA:0,(anonymous_4)
DA:23,0
DA:24,0
DA:25,0
DA:26,0
DA:29,0
DA:30,0
DA:31,0
DA:34,0
DA:35,0
DA:43,0
DA:46,0
DA:58,0
LF:12
LH:0
BRF:0
BRH:0
end_of_record
TN:
SF:src\components\Sidebar.js
FN:41,Sidebar
FN:54,(anonymous_1)
FN:58,(anonymous_2)
FN:62,(anonymous_3)
FN:80,(anonymous_4)
FN:86,(anonymous_5)
FN:91,(anonymous_6)
FN:96,(anonymous_7)
FN:112,(anonymous_8)
FN:118,(anonymous_9)
FN:122,(anonymous_10)
FN:134,(anonymous_11)
FN:141,(anonymous_12)
FN:165,(anonymous_13)
FN:179,(anonymous_14)
FN:186,(anonymous_15)
FN:199,(anonymous_16)
FNF:17
FNH:0
FNDA:0,Sidebar
FNDA:0,(anonymous_1)
FNDA:0,(anonymous_2)
FNDA:0,(anonymous_3)
FNDA:0,(anonymous_4)
FNDA:0,(anonymous_5)
FNDA:0,(anonymous_6)
FNDA:0,(anonymous_7)
FNDA:0,(anonymous_8)
FNDA:0,(anonymous_9)
FNDA:0,(anonymous_10)
FNDA:0,(anonymous_11)
FNDA:0,(anonymous_12)
FNDA:0,(anonymous_13)
FNDA:0,(anonymous_14)
FNDA:0,(anonymous_15)
FNDA:0,(anonymous_16)
DA:12,1
DA:25,1
DA:29,1
DA:43,0
DA:44,0
DA:45,0
DA:46,0
DA:47,0
DA:50,0
DA:51,0
DA:52,0
DA:54,0
DA:55,0
DA:58,0
DA:59,0
DA:62,0
DA:63,0
DA:64,0
DA:65,0
DA:66,0
DA:70,0
DA:71,0
DA:81,0
DA:82,0
DA:84,0
DA:87,0
DA:88,0
DA:89,0
DA:92,0
DA:96,0
DA:97,0
DA:99,0
DA:103,0
DA:113,0
DA:114,0
DA:116,0
DA:119,0
DA:120,0
DA:123,0
DA:127,0
DA:134,0
DA:141,0
DA:165,0
DA:179,0
DA:186,0
DA:199,0
LF:46
LH:3
BRDA:81,0,0,0
BRDA:81,0,1,0
BRDA:113,1,0,0
BRDA:113,1,1,0
BRF:4
BRH:0
end_of_record
TN:
SF:src\components\UseLocalStorage.js
FN:6,(anonymous_0)
FN:8,(anonymous_1)
FN:23,(anonymous_2)
FNF:3
FNH:2
FNDA:11,(anonymous_0)
FNDA:8,(anonymous_1)
FNDA:0,(anonymous_2)
DA:6,1
DA:8,11
DA:9,8
DA:10,8
DA:11,8
DA:12,7
DA:14,1
DA:15,1
DA:18,0
DA:23,11
DA:24,0
DA:25,0
DA:27,0
DA:29,11
LF:14
LH:10
BRDA:11,0,0,7
BRDA:11,0,1,1
BRF:2
BRH:2
end_of_record
