TN:
SF:src\components\App.js
FN:26,App
FN:36,(anonymous_1)
FNF:2
FNH:1
FNDA:3,App
FNDA:0,(anonymous_1)
DA:24,1
DA:27,3
DA:28,2
DA:29,2
DA:30,2
DA:31,2
DA:32,2
DA:33,2
DA:34,2
DA:36,2
DA:37,0
DA:38,0
DA:41,2
LF:13
LH:11
BRDA:53,0,0,0
BRDA:53,0,1,2
BRF:2
BRH:1
end_of_record
TN:
SF:src\components\Login.js
FN:20,Login
FN:25,(anonymous_1)
FN:33,(anonymous_2)
FN:37,(anonymous_3)
FN:47,(anonymous_4)
FN:53,(anonymous_5)
FN:57,(anonymous_6)
FNF:7
FNH:2
FNDA:3,Login
FNDA:0,(anonymous_1)
FNDA:0,(anonymous_2)
FNDA:1,(anonymous_3)
FNDA:0,(anonymous_4)
FNDA:0,(anonymous_5)
FNDA:0,(anonymous_6)
DA:21,3
DA:22,2
DA:23,2
DA:25,2
DA:26,0
DA:28,0
DA:29,0
DA:30,0
DA:33,2
DA:34,0
DA:37,2
DA:38,1
DA:40,1
DA:48,0
DA:49,0
DA:51,0
DA:54,0
DA:55,0
DA:58,0
DA:59,0
DA:63,2
LF:21
LH:9
BRDA:48,0,0,0
BRDA:48,0,1,0
BRF:2
BRH:0
end_of_record
TN:
SF:src\components\MainScreen.js
FN:17,MainScreen
FN:24,(anonymous_1)
FN:41,(anonymous_2)
FN:49,(anonymous_3)
FN:55,(anonymous_4)
FN:63,(anonymous_5)
FNF:6
FNH:0
FNDA:0,MainScreen
FNDA:0,(anonymous_1)
FNDA:0,(anonymous_2)
FNDA:0,(anonymous_3)
FNDA:0,(anonymous_4)
FNDA:0,(anonymous_5)
DA:18,0
DA:19,0
DA:20,0
DA:21,0
DA:22,0
DA:24,0
DA:25,0
DA:27,0
DA:28,0
DA:29,0
DA:30,0
DA:32,0
DA:33,0
DA:37,0
DA:41,0
DA:42,0
DA:50,0
DA:51,0
DA:53,0
DA:56,0
DA:57,0
DA:58,0
DA:63,0
DA:64,0
DA:67,0
LF:25
LH:0
BRDA:27,0,0,0
BRDA:27,0,1,0
BRDA:32,1,0,0
BRDA:32,1,1,0
BRDA:50,2,0,0
BRDA:50,2,1,0
BRF:6
BRH:0
end_of_record
TN:
SF:src\components\Mainlist.js
FN:23,Mainlist
FN:35,checkList
FN:44,(anonymous_2)
FN:50,(anonymous_3)
FN:52,(anonymous_4)
FN:57,(anonymous_5)
FN:63,(anonymous_6)
FN:67,handleClickOpen
FN:72,handleDeleteClick
FN:79,handleClose
FN:83,deletingItem
FN:91,(anonymous_11)
FN:125,(anonymous_12)
FN:145,(anonymous_13)
FN:151,(anonymous_14)
FN:181,printTags
FN:185,(anonymous_16)
FN:192,formatDate
FNF:18
FNH:0
FNDA:0,Mainlist
FNDA:0,checkList
FNDA:0,(anonymous_2)
FNDA:0,(anonymous_3)
FNDA:0,(anonymous_4)
FNDA:0,(anonymous_5)
FNDA:0,(anonymous_6)
FNDA:0,handleClickOpen
FNDA:0,handleDeleteClick
FNDA:0,handleClose
FNDA:0,deletingItem
FNDA:0,(anonymous_11)
FNDA:0,(anonymous_12)
FNDA:0,(anonymous_13)
FNDA:0,(anonymous_14)
FNDA:0,printTags
FNDA:0,(anonymous_16)
FNDA:0,formatDate
DA:21,1
DA:24,0
DA:25,0
DA:26,0
DA:27,0
DA:28,0
DA:29,0
DA:30,0
DA:31,0
DA:32,0
DA:33,0
DA:36,0
DA:37,0
DA:45,0
DA:46,0
DA:48,0
DA:51,0
DA:52,0
DA:53,0
DA:57,0
DA:58,0
DA:59,0
DA:63,0
DA:64,0
DA:68,0
DA:69,0
DA:73,0
DA:74,0
DA:75,0
DA:80,0
DA:84,0
DA:92,0
DA:93,0
DA:98,0
DA:126,0
DA:145,0
DA:151,0
DA:182,0
DA:183,0
DA:184,0
DA:185,0
DA:186,0
DA:188,0
DA:189,0
DA:193,0
DA:194,0
DA:195,0
LF:47
LH:1
BRDA:45,0,0,0
BRDA:45,0,1,0
BRDA:52,1,0,0
BRDA:52,1,1,0
BRDA:58,2,0,0
BRDA:58,2,1,0
BRDA:158,3,0,0
BRDA:158,3,1,0
BRF:8
BRH:0
end_of_record
