{"C:\\Users\\CJ\\Documents\\CSE115A Assignments\\Pantry\\backend\\src\\app.js": {"path":"C:\\Users\\CJ\\Documents\\CSE115A Assignments\\Pantry\\backend\\src\\app.js","statementMap":{"0":{"start":{"line":1,"column":16},"end":{"line":1,"column":34}},"1":{"start":{"line":2,"column":13},"end":{"line":2,"column":28}},"2":{"start":{"line":3,"column":13},"end":{"line":3,"column":31}},"3":{"start":{"line":4,"column":18},"end":{"line":4,"column":47}},"4":{"start":{"line":5,"column":11},"end":{"line":5,"column":24}},"5":{"start":{"line":6,"column":13},"end":{"line":6,"column":28}},"6":{"start":{"line":7,"column":25},"end":{"line":7,"column":61}},"7":{"start":{"line":9,"column":14},"end":{"line":9,"column":32}},"8":{"start":{"line":10,"column":14},"end":{"line":10,"column":32}},"9":{"start":{"line":11,"column":13},"end":{"line":11,"column":30}},"10":{"start":{"line":12,"column":17},"end":{"line":12,"column":38}},"11":{"start":{"line":14,"column":12},"end":{"line":14,"column":21}},"12":{"start":{"line":15,"column":0},"end":{"line":15,"column":16}},"13":{"start":{"line":16,"column":0},"end":{"line":16,"column":24}},"14":{"start":{"line":17,"column":0},"end":{"line":17,"column":47}},"15":{"start":{"line":19,"column":16},"end":{"line":19,"column":59}},"16":{"start":{"line":21,"column":15},"end":{"line":21,"column":58}},"17":{"start":{"line":22,"column":0},"end":{"line":22,"column":66}},"18":{"start":{"line":24,"column":0},"end":{"line":24,"column":48}},"19":{"start":{"line":26,"column":0},"end":{"line":32,"column":2}},"20":{"start":{"line":34,"column":0},"end":{"line":34,"column":32}},"21":{"start":{"line":38,"column":0},"end":{"line":38,"column":38}},"22":{"start":{"line":39,"column":0},"end":{"line":39,"column":39}},"23":{"start":{"line":42,"column":0},"end":{"line":42,"column":54}},"24":{"start":{"line":43,"column":0},"end":{"line":43,"column":56}},"25":{"start":{"line":45,"column":0},"end":{"line":51,"column":3}},"26":{"start":{"line":46,"column":2},"end":{"line":50,"column":5}},"27":{"start":{"line":53,"column":0},"end":{"line":53,"column":21}}},"fnMap":{"0":{"name":"(anonymous_0)","decl":{"start":{"line":45,"column":8},"end":{"line":45,"column":9}},"loc":{"start":{"line":45,"column":33},"end":{"line":51,"column":1}},"line":45}},"branchMap":{},"s":{"0":2,"1":2,"2":2,"3":2,"4":2,"5":2,"6":2,"7":2,"8":2,"9":2,"10":2,"11":2,"12":2,"13":2,"14":2,"15":2,"16":2,"17":2,"18":2,"19":2,"20":2,"21":2,"22":2,"23":2,"24":2,"25":2,"26":3,"27":2},"f":{"0":3},"b":{},"_coverageSchema":"1a1c01bbd47fc00a2c39e90264f33305004495a9","hash":"cd0d78f6320ccf80d720e89595557fc26061ffb9"}
,"C:\\Users\\CJ\\Documents\\CSE115A Assignments\\Pantry\\backend\\src\\auth.js": {"path":"C:\\Users\\CJ\\Documents\\CSE115A Assignments\\Pantry\\backend\\src\\auth.js","statementMap":{"0":{"start":{"line":1,"column":15},"end":{"line":1,"column":28}},"1":{"start":{"line":2,"column":12},"end":{"line":2,"column":35}},"2":{"start":{"line":3,"column":16},"end":{"line":3,"column":41}},"3":{"start":{"line":4,"column":13},"end":{"line":4,"column":30}},"4":{"start":{"line":5,"column":9},"end":{"line":5,"column":24}},"5":{"start":{"line":7,"column":13},"end":{"line":13,"column":2}},"6":{"start":{"line":15,"column":0},"end":{"line":29,"column":2}},"7":{"start":{"line":16,"column":15},"end":{"line":16,"column":41}},"8":{"start":{"line":18,"column":2},"end":{"line":28,"column":3}},"9":{"start":{"line":19,"column":24},"end":{"line":24,"column":8}},"10":{"start":{"line":25,"column":4},"end":{"line":25,"column":77}},"11":{"start":{"line":27,"column":4},"end":{"line":27,"column":27}},"12":{"start":{"line":31,"column":0},"end":{"line":45,"column":2}},"13":{"start":{"line":32,"column":21},"end":{"line":32,"column":46}},"14":{"start":{"line":33,"column":2},"end":{"line":44,"column":3}},"15":{"start":{"line":34,"column":18},"end":{"line":34,"column":42}},"16":{"start":{"line":35,"column":4},"end":{"line":41,"column":7}},"17":{"start":{"line":36,"column":6},"end":{"line":38,"column":7}},"18":{"start":{"line":37,"column":8},"end":{"line":37,"column":35}},"19":{"start":{"line":39,"column":6},"end":{"line":39,"column":22}},"20":{"start":{"line":40,"column":6},"end":{"line":40,"column":13}},"21":{"start":{"line":43,"column":4},"end":{"line":43,"column":24}}},"fnMap":{"0":{"name":"(anonymous_0)","decl":{"start":{"line":15,"column":23},"end":{"line":15,"column":24}},"loc":{"start":{"line":15,"column":43},"end":{"line":29,"column":1}},"line":15},"1":{"name":"(anonymous_1)","decl":{"start":{"line":31,"column":16},"end":{"line":31,"column":17}},"loc":{"start":{"line":31,"column":36},"end":{"line":45,"column":1}},"line":31},"2":{"name":"(anonymous_2)","decl":{"start":{"line":35,"column":43},"end":{"line":35,"column":44}},"loc":{"start":{"line":35,"column":58},"end":{"line":41,"column":5}},"line":35}},"branchMap":{"0":{"loc":{"start":{"line":18,"column":2},"end":{"line":28,"column":3}},"type":"if","locations":[{"start":{"line":18,"column":2},"end":{"line":28,"column":3}},{"start":{"line":26,"column":9},"end":{"line":28,"column":3}}],"line":18},"1":{"loc":{"start":{"line":18,"column":6},"end":{"line":18,"column":85}},"type":"binary-expr","locations":[{"start":{"line":18,"column":6},"end":{"line":18,"column":22}},{"start":{"line":18,"column":26},"end":{"line":18,"column":85}}],"line":18},"2":{"loc":{"start":{"line":33,"column":2},"end":{"line":44,"column":3}},"type":"if","locations":[{"start":{"line":33,"column":2},"end":{"line":44,"column":3}},{"start":{"line":42,"column":9},"end":{"line":44,"column":3}}],"line":33},"3":{"loc":{"start":{"line":36,"column":6},"end":{"line":38,"column":7}},"type":"if","locations":[{"start":{"line":36,"column":6},"end":{"line":38,"column":7}},{"start":{},"end":{}}],"line":36}},"s":{"0":2,"1":2,"2":2,"3":2,"4":2,"5":2,"6":2,"7":9,"8":9,"9":8,"10":8,"11":1,"12":2,"13":2,"14":2,"15":2,"16":2,"17":2,"18":0,"19":2,"20":2,"21":0},"f":{"0":9,"1":2,"2":2},"b":{"0":[8,1],"1":[9,8],"2":[2,0],"3":[0,2]},"_coverageSchema":"1a1c01bbd47fc00a2c39e90264f33305004495a9","hash":"0689f5684b8d6c2e267edbe3258a5bb27d0b2731"}
,"C:\\Users\\CJ\\Documents\\CSE115A Assignments\\Pantry\\backend\\src\\db.js": {"path":"C:\\Users\\CJ\\Documents\\CSE115A Assignments\\Pantry\\backend\\src\\db.js","statementMap":{"0":{"start":{"line":2,"column":15},"end":{"line":2,"column":28}},"1":{"start":{"line":3,"column":13},"end":{"line":3,"column":30}},"2":{"start":{"line":5,"column":13},"end":{"line":11,"column":2}},"3":{"start":{"line":13,"column":0},"end":{"line":30,"column":2}},"4":{"start":{"line":14,"column":21},"end":{"line":14,"column":54}},"5":{"start":{"line":16,"column":2},"end":{"line":29,"column":3}},"6":{"start":{"line":17,"column":23},"end":{"line":17,"column":25}},"7":{"start":{"line":18,"column":4},"end":{"line":18,"column":63}},"8":{"start":{"line":19,"column":19},"end":{"line":19,"column":61}},"9":{"start":{"line":20,"column":18},"end":{"line":23,"column":5}},"10":{"start":{"line":25,"column":4},"end":{"line":25,"column":28}},"11":{"start":{"line":26,"column":4},"end":{"line":26,"column":15}},"12":{"start":{"line":28,"column":4},"end":{"line":28,"column":15}},"13":{"start":{"line":32,"column":0},"end":{"line":41,"column":2}},"14":{"start":{"line":33,"column":17},"end":{"line":33,"column":72}},"15":{"start":{"line":34,"column":16},"end":{"line":37,"column":3}},"16":{"start":{"line":39,"column":17},"end":{"line":39,"column":40}},"17":{"start":{"line":40,"column":2},"end":{"line":40,"column":41}},"18":{"start":{"line":43,"column":0},"end":{"line":50,"column":2}},"19":{"start":{"line":44,"column":16},"end":{"line":47,"column":3}},"20":{"start":{"line":48,"column":17},"end":{"line":48,"column":40}},"21":{"start":{"line":49,"column":2},"end":{"line":49,"column":16}},"22":{"start":{"line":52,"column":0},"end":{"line":60,"column":1}},"23":{"start":{"line":53,"column":16},"end":{"line":53,"column":26}},"24":{"start":{"line":54,"column":16},"end":{"line":57,"column":3}},"25":{"start":{"line":58,"column":17},"end":{"line":58,"column":40}},"26":{"start":{"line":59,"column":2},"end":{"line":59,"column":14}},"27":{"start":{"line":62,"column":0},"end":{"line":69,"column":2}},"28":{"start":{"line":63,"column":16},"end":{"line":66,"column":3}},"29":{"start":{"line":67,"column":17},"end":{"line":67,"column":40}},"30":{"start":{"line":68,"column":2},"end":{"line":68,"column":15}},"31":{"start":{"line":71,"column":0},"end":{"line":85,"column":2}},"32":{"start":{"line":72,"column":21},"end":{"line":72,"column":48}},"33":{"start":{"line":74,"column":2},"end":{"line":84,"column":3}},"34":{"start":{"line":75,"column":19},"end":{"line":75,"column":112}},"35":{"start":{"line":76,"column":18},"end":{"line":79,"column":5}},"36":{"start":{"line":80,"column":4},"end":{"line":80,"column":28}},"37":{"start":{"line":81,"column":4},"end":{"line":81,"column":15}},"38":{"start":{"line":83,"column":4},"end":{"line":83,"column":15}}},"fnMap":{"0":{"name":"(anonymous_0)","decl":{"start":{"line":13,"column":21},"end":{"line":13,"column":22}},"loc":{"start":{"line":13,"column":37},"end":{"line":30,"column":1}},"line":13},"1":{"name":"(anonymous_1)","decl":{"start":{"line":32,"column":21},"end":{"line":32,"column":22}},"loc":{"start":{"line":32,"column":38},"end":{"line":41,"column":1}},"line":32},"2":{"name":"(anonymous_2)","decl":{"start":{"line":43,"column":22},"end":{"line":43,"column":23}},"loc":{"start":{"line":43,"column":38},"end":{"line":50,"column":1}},"line":43},"3":{"name":"(anonymous_3)","decl":{"start":{"line":52,"column":18},"end":{"line":52,"column":19}},"loc":{"start":{"line":52,"column":34},"end":{"line":60,"column":1}},"line":52},"4":{"name":"(anonymous_4)","decl":{"start":{"line":62,"column":26},"end":{"line":62,"column":27}},"loc":{"start":{"line":62,"column":42},"end":{"line":69,"column":1}},"line":62},"5":{"name":"(anonymous_5)","decl":{"start":{"line":71,"column":21},"end":{"line":71,"column":22}},"loc":{"start":{"line":71,"column":37},"end":{"line":85,"column":1}},"line":71}},"branchMap":{"0":{"loc":{"start":{"line":16,"column":2},"end":{"line":29,"column":3}},"type":"if","locations":[{"start":{"line":16,"column":2},"end":{"line":29,"column":3}},{"start":{"line":27,"column":9},"end":{"line":29,"column":3}}],"line":16},"1":{"loc":{"start":{"line":40,"column":9},"end":{"line":40,"column":40}},"type":"cond-expr","locations":[{"start":{"line":40,"column":28},"end":{"line":40,"column":32}},{"start":{"line":40,"column":35},"end":{"line":40,"column":40}}],"line":40},"2":{"loc":{"start":{"line":74,"column":2},"end":{"line":84,"column":3}},"type":"if","locations":[{"start":{"line":74,"column":2},"end":{"line":84,"column":3}},{"start":{"line":82,"column":9},"end":{"line":84,"column":3}}],"line":74}},"s":{"0":2,"1":2,"2":2,"3":2,"4":1,"5":1,"6":1,"7":1,"8":1,"9":1,"10":1,"11":1,"12":0,"13":2,"14":2,"15":2,"16":2,"17":2,"18":2,"19":1,"20":1,"21":1,"22":2,"23":9,"24":9,"25":9,"26":9,"27":2,"28":1,"29":1,"30":1,"31":2,"32":1,"33":1,"34":1,"35":1,"36":1,"37":1,"38":0},"f":{"0":1,"1":2,"2":1,"3":9,"4":1,"5":1},"b":{"0":[1,0],"1":[0,2],"2":[1,0]},"_coverageSchema":"1a1c01bbd47fc00a2c39e90264f33305004495a9","hash":"6578eb0e2bbd7ed91934a99743e154111015e962"}
,"C:\\Users\\CJ\\Documents\\CSE115A Assignments\\Pantry\\backend\\src\\dummy.js": {"path":"C:\\Users\\CJ\\Documents\\CSE115A Assignments\\Pantry\\backend\\src\\dummy.js","statementMap":{"0":{"start":{"line":1,"column":15},"end":{"line":1,"column":28}},"1":{"start":{"line":3,"column":13},"end":{"line":9,"column":2}},"2":{"start":{"line":11,"column":20},"end":{"line":19,"column":1}},"3":{"start":{"line":12,"column":17},"end":{"line":12,"column":38}},"4":{"start":{"line":13,"column":16},"end":{"line":16,"column":3}},"5":{"start":{"line":17,"column":17},"end":{"line":17,"column":40}},"6":{"start":{"line":18,"column":2},"end":{"line":18,"column":25}},"7":{"start":{"line":21,"column":0},"end":{"line":25,"column":2}},"8":{"start":{"line":22,"column":2},"end":{"line":24,"column":52}}},"fnMap":{"0":{"name":"(anonymous_0)","decl":{"start":{"line":11,"column":20},"end":{"line":11,"column":21}},"loc":{"start":{"line":11,"column":32},"end":{"line":19,"column":1}},"line":11},"1":{"name":"(anonymous_1)","decl":{"start":{"line":21,"column":14},"end":{"line":21,"column":15}},"loc":{"start":{"line":21,"column":34},"end":{"line":25,"column":1}},"line":21}},"branchMap":{},"s":{"0":2,"1":2,"2":2,"3":1,"4":1,"5":1,"6":1,"7":2,"8":1},"f":{"0":1,"1":1},"b":{},"_coverageSchema":"1a1c01bbd47fc00a2c39e90264f33305004495a9","hash":"f4629adf9961f08092089da4ed024e8fbaff0515"}
,"C:\\Users\\CJ\\Documents\\CSE115A Assignments\\Pantry\\backend\\src\\foodlist.js": {"path":"C:\\Users\\CJ\\Documents\\CSE115A Assignments\\Pantry\\backend\\src\\foodlist.js","statementMap":{"0":{"start":{"line":1,"column":11},"end":{"line":1,"column":26}},"1":{"start":{"line":3,"column":0},"end":{"line":6,"column":2}},"2":{"start":{"line":4,"column":18},"end":{"line":4,"column":52}},"3":{"start":{"line":5,"column":4},"end":{"line":5,"column":32}},"4":{"start":{"line":8,"column":0},"end":{"line":15,"column":2}},"5":{"start":{"line":9,"column":20},"end":{"line":9,"column":49}},"6":{"start":{"line":10,"column":4},"end":{"line":14,"column":5}},"7":{"start":{"line":11,"column":8},"end":{"line":11,"column":39}},"8":{"start":{"line":13,"column":8},"end":{"line":13,"column":31}}},"fnMap":{"0":{"name":"(anonymous_0)","decl":{"start":{"line":3,"column":18},"end":{"line":3,"column":19}},"loc":{"start":{"line":3,"column":38},"end":{"line":6,"column":1}},"line":3},"1":{"name":"(anonymous_1)","decl":{"start":{"line":8,"column":19},"end":{"line":8,"column":20}},"loc":{"start":{"line":8,"column":39},"end":{"line":15,"column":1}},"line":8}},"branchMap":{"0":{"loc":{"start":{"line":10,"column":4},"end":{"line":14,"column":5}},"type":"if","locations":[{"start":{"line":10,"column":4},"end":{"line":14,"column":5}},{"start":{"line":12,"column":11},"end":{"line":14,"column":5}}],"line":10}},"s":{"0":2,"1":2,"2":1,"3":1,"4":2,"5":1,"6":1,"7":1,"8":0},"f":{"0":1,"1":1},"b":{"0":[1,0]},"_coverageSchema":"1a1c01bbd47fc00a2c39e90264f33305004495a9","hash":"8c54bffc2f56a453b04adc0d2323168c3c3d65f3"}
,"C:\\Users\\CJ\\Documents\\CSE115A Assignments\\Pantry\\backend\\src\\login.js": {"path":"C:\\Users\\CJ\\Documents\\CSE115A Assignments\\Pantry\\backend\\src\\login.js","statementMap":{"0":{"start":{"line":2,"column":11},"end":{"line":2,"column":26}},"1":{"start":{"line":4,"column":0},"end":{"line":11,"column":2}},"2":{"start":{"line":5,"column":18},"end":{"line":5,"column":47}},"3":{"start":{"line":6,"column":2},"end":{"line":10,"column":3}},"4":{"start":{"line":7,"column":4},"end":{"line":7,"column":35}},"5":{"start":{"line":9,"column":4},"end":{"line":9,"column":49}},"6":{"start":{"line":13,"column":0},"end":{"line":17,"column":2}},"7":{"start":{"line":14,"column":16},"end":{"line":14,"column":46}},"8":{"start":{"line":16,"column":2},"end":{"line":16,"column":30}}},"fnMap":{"0":{"name":"(anonymous_0)","decl":{"start":{"line":4,"column":19},"end":{"line":4,"column":20}},"loc":{"start":{"line":4,"column":39},"end":{"line":11,"column":1}},"line":4},"1":{"name":"(anonymous_1)","decl":{"start":{"line":13,"column":19},"end":{"line":13,"column":20}},"loc":{"start":{"line":13,"column":39},"end":{"line":17,"column":1}},"line":13}},"branchMap":{"0":{"loc":{"start":{"line":6,"column":2},"end":{"line":10,"column":3}},"type":"if","locations":[{"start":{"line":6,"column":2},"end":{"line":10,"column":3}},{"start":{"line":8,"column":9},"end":{"line":10,"column":3}}],"line":6}},"s":{"0":2,"1":2,"2":1,"3":1,"4":1,"5":0,"6":2,"7":1,"8":1},"f":{"0":1,"1":1},"b":{"0":[1,0]},"_coverageSchema":"1a1c01bbd47fc00a2c39e90264f33305004495a9","hash":"9ec151d566e4efc20830ed0620614aaf52715fd3"}
,"C:\\Users\\CJ\\Documents\\CSE115A Assignments\\Pantry\\backend\\src\\__tests__\\db.js": {"path":"C:\\Users\\CJ\\Documents\\CSE115A Assignments\\Pantry\\backend\\src\\__tests__\\db.js","statementMap":{"0":{"start":{"line":5,"column":11},"end":{"line":5,"column":24}},"1":{"start":{"line":6,"column":15},"end":{"line":6,"column":28}},"2":{"start":{"line":8,"column":0},"end":{"line":8,"column":27}},"3":{"start":{"line":9,"column":0},"end":{"line":9,"column":31}},"4":{"start":{"line":11,"column":13},"end":{"line":17,"column":2}},"5":{"start":{"line":19,"column":12},"end":{"line":25,"column":1}},"6":{"start":{"line":20,"column":18},"end":{"line":20,"column":47}},"7":{"start":{"line":21,"column":21},"end":{"line":21,"column":43}},"8":{"start":{"line":22,"column":2},"end":{"line":24,"column":3}},"9":{"start":{"line":23,"column":4},"end":{"line":23,"column":32}},"10":{"start":{"line":27,"column":0},"end":{"line":31,"column":2}},"11":{"start":{"line":28,"column":2},"end":{"line":28,"column":30}},"12":{"start":{"line":29,"column":2},"end":{"line":29,"column":28}},"13":{"start":{"line":30,"column":2},"end":{"line":30,"column":31}}},"fnMap":{"0":{"name":"(anonymous_0)","decl":{"start":{"line":19,"column":12},"end":{"line":19,"column":13}},"loc":{"start":{"line":19,"column":28},"end":{"line":25,"column":1}},"line":19},"1":{"name":"(anonymous_1)","decl":{"start":{"line":27,"column":16},"end":{"line":27,"column":17}},"loc":{"start":{"line":27,"column":28},"end":{"line":31,"column":1}},"line":27}},"branchMap":{},"s":{"0":2,"1":2,"2":2,"3":2,"4":2,"5":2,"6":6,"7":6,"8":6,"9":54,"10":2,"11":2,"12":2,"13":2},"f":{"0":6,"1":2},"b":{},"_coverageSchema":"1a1c01bbd47fc00a2c39e90264f33305004495a9","hash":"9655befcaa4e581debc643c13c7c0804226299ab"}
}
