{"C:\\Users\\CJ\\Documents\\CSE115A Assignments\\Pantry\\backend\\src\\app.js": {"path":"C:\\Users\\CJ\\Documents\\CSE115A Assignments\\Pantry\\backend\\src\\app.js","statementMap":{"0":{"start":{"line":1,"column":16},"end":{"line":1,"column":34}},"1":{"start":{"line":2,"column":13},"end":{"line":2,"column":28}},"2":{"start":{"line":3,"column":13},"end":{"line":3,"column":31}},"3":{"start":{"line":4,"column":18},"end":{"line":4,"column":47}},"4":{"start":{"line":5,"column":11},"end":{"line":5,"column":24}},"5":{"start":{"line":6,"column":13},"end":{"line":6,"column":28}},"6":{"start":{"line":7,"column":25},"end":{"line":7,"column":61}},"7":{"start":{"line":9,"column":14},"end":{"line":9,"column":32}},"8":{"start":{"line":10,"column":13},"end":{"line":10,"column":30}},"9":{"start":{"line":11,"column":14},"end":{"line":11,"column":32}},"10":{"start":{"line":12,"column":14},"end":{"line":12,"column":32}},"11":{"start":{"line":13,"column":13},"end":{"line":13,"column":30}},"12":{"start":{"line":15,"column":12},"end":{"line":15,"column":21}},"13":{"start":{"line":16,"column":0},"end":{"line":16,"column":16}},"14":{"start":{"line":17,"column":0},"end":{"line":17,"column":24}},"15":{"start":{"line":18,"column":0},"end":{"line":18,"column":47}},"16":{"start":{"line":20,"column":16},"end":{"line":20,"column":59}},"17":{"start":{"line":22,"column":15},"end":{"line":22,"column":58}},"18":{"start":{"line":23,"column":0},"end":{"line":23,"column":66}},"19":{"start":{"line":25,"column":0},"end":{"line":25,"column":48}},"20":{"start":{"line":27,"column":0},"end":{"line":33,"column":2}},"21":{"start":{"line":35,"column":0},"end":{"line":35,"column":32}},"22":{"start":{"line":39,"column":0},"end":{"line":39,"column":38}},"23":{"start":{"line":40,"column":0},"end":{"line":40,"column":39}},"24":{"start":{"line":43,"column":0},"end":{"line":43,"column":37}},"25":{"start":{"line":44,"column":0},"end":{"line":44,"column":61}},"26":{"start":{"line":45,"column":0},"end":{"line":45,"column":45}},"27":{"start":{"line":48,"column":0},"end":{"line":48,"column":51}},"28":{"start":{"line":49,"column":0},"end":{"line":49,"column":63}},"29":{"start":{"line":52,"column":0},"end":{"line":52,"column":50}},"30":{"start":{"line":53,"column":0},"end":{"line":53,"column":51}},"31":{"start":{"line":56,"column":0},"end":{"line":56,"column":46}},"32":{"start":{"line":57,"column":0},"end":{"line":57,"column":48}},"33":{"start":{"line":58,"column":0},"end":{"line":58,"column":67}},"34":{"start":{"line":59,"column":0},"end":{"line":59,"column":69}},"35":{"start":{"line":60,"column":0},"end":{"line":60,"column":50}},"36":{"start":{"line":61,"column":0},"end":{"line":61,"column":56}},"37":{"start":{"line":63,"column":0},"end":{"line":69,"column":3}},"38":{"start":{"line":64,"column":2},"end":{"line":68,"column":5}},"39":{"start":{"line":71,"column":0},"end":{"line":71,"column":21}}},"fnMap":{"0":{"name":"(anonymous_0)","decl":{"start":{"line":63,"column":8},"end":{"line":63,"column":9}},"loc":{"start":{"line":63,"column":33},"end":{"line":69,"column":1}},"line":63}},"branchMap":{},"s":{"0":2,"1":2,"2":2,"3":2,"4":2,"5":2,"6":2,"7":2,"8":2,"9":2,"10":2,"11":2,"12":2,"13":2,"14":2,"15":2,"16":2,"17":2,"18":2,"19":2,"20":2,"21":2,"22":2,"23":2,"24":2,"25":2,"26":2,"27":2,"28":2,"29":2,"30":2,"31":2,"32":2,"33":2,"34":2,"35":2,"36":2,"37":2,"38":2,"39":2},"f":{"0":2},"b":{},"_coverageSchema":"1a1c01bbd47fc00a2c39e90264f33305004495a9","hash":"4e37faaa97b3e25f96485f0b151b2d72f96be014"}
,"C:\\Users\\CJ\\Documents\\CSE115A Assignments\\Pantry\\backend\\src\\auth.js": {"path":"C:\\Users\\CJ\\Documents\\CSE115A Assignments\\Pantry\\backend\\src\\auth.js","statementMap":{"0":{"start":{"line":1,"column":15},"end":{"line":1,"column":28}},"1":{"start":{"line":2,"column":12},"end":{"line":2,"column":35}},"2":{"start":{"line":3,"column":16},"end":{"line":3,"column":41}},"3":{"start":{"line":4,"column":13},"end":{"line":4,"column":30}},"4":{"start":{"line":5,"column":9},"end":{"line":5,"column":24}},"5":{"start":{"line":7,"column":13},"end":{"line":13,"column":2}},"6":{"start":{"line":15,"column":0},"end":{"line":34,"column":2}},"7":{"start":{"line":16,"column":15},"end":{"line":16,"column":41}},"8":{"start":{"line":18,"column":2},"end":{"line":33,"column":3}},"9":{"start":{"line":19,"column":4},"end":{"line":29,"column":5}},"10":{"start":{"line":20,"column":26},"end":{"line":25,"column":10}},"11":{"start":{"line":26,"column":6},"end":{"line":26,"column":89}},"12":{"start":{"line":28,"column":6},"end":{"line":28,"column":29}},"13":{"start":{"line":32,"column":4},"end":{"line":32,"column":27}},"14":{"start":{"line":36,"column":0},"end":{"line":50,"column":2}},"15":{"start":{"line":37,"column":21},"end":{"line":37,"column":46}},"16":{"start":{"line":38,"column":2},"end":{"line":49,"column":3}},"17":{"start":{"line":39,"column":18},"end":{"line":39,"column":42}},"18":{"start":{"line":40,"column":4},"end":{"line":46,"column":7}},"19":{"start":{"line":41,"column":6},"end":{"line":43,"column":7}},"20":{"start":{"line":42,"column":8},"end":{"line":42,"column":35}},"21":{"start":{"line":44,"column":6},"end":{"line":44,"column":22}},"22":{"start":{"line":45,"column":6},"end":{"line":45,"column":13}},"23":{"start":{"line":48,"column":4},"end":{"line":48,"column":24}}},"fnMap":{"0":{"name":"(anonymous_0)","decl":{"start":{"line":15,"column":23},"end":{"line":15,"column":24}},"loc":{"start":{"line":15,"column":43},"end":{"line":34,"column":1}},"line":15},"1":{"name":"(anonymous_1)","decl":{"start":{"line":36,"column":16},"end":{"line":36,"column":17}},"loc":{"start":{"line":36,"column":36},"end":{"line":50,"column":1}},"line":36},"2":{"name":"(anonymous_2)","decl":{"start":{"line":40,"column":43},"end":{"line":40,"column":44}},"loc":{"start":{"line":40,"column":58},"end":{"line":46,"column":5}},"line":40}},"branchMap":{"0":{"loc":{"start":{"line":18,"column":2},"end":{"line":33,"column":3}},"type":"if","locations":[{"start":{"line":18,"column":2},"end":{"line":33,"column":3}},{"start":{"line":31,"column":7},"end":{"line":33,"column":3}}],"line":18},"1":{"loc":{"start":{"line":19,"column":4},"end":{"line":29,"column":5}},"type":"if","locations":[{"start":{"line":19,"column":4},"end":{"line":29,"column":5}},{"start":{"line":27,"column":11},"end":{"line":29,"column":5}}],"line":19},"2":{"loc":{"start":{"line":19,"column":8},"end":{"line":19,"column":84}},"type":"binary-expr","locations":[{"start":{"line":19,"column":8},"end":{"line":19,"column":24}},{"start":{"line":19,"column":28},"end":{"line":19,"column":84}}],"line":19},"3":{"loc":{"start":{"line":38,"column":2},"end":{"line":49,"column":3}},"type":"if","locations":[{"start":{"line":38,"column":2},"end":{"line":49,"column":3}},{"start":{"line":47,"column":9},"end":{"line":49,"column":3}}],"line":38},"4":{"loc":{"start":{"line":41,"column":6},"end":{"line":43,"column":7}},"type":"if","locations":[{"start":{"line":41,"column":6},"end":{"line":43,"column":7}},{"start":{},"end":{}}],"line":41}},"s":{"0":2,"1":2,"2":2,"3":2,"4":2,"5":2,"6":2,"7":17,"8":17,"9":16,"10":16,"11":16,"12":0,"13":1,"14":2,"15":7,"16":7,"17":7,"18":7,"19":7,"20":0,"21":7,"22":7,"23":0},"f":{"0":17,"1":7,"2":7},"b":{"0":[16,1],"1":[16,0],"2":[16,16],"3":[7,0],"4":[0,7]},"_coverageSchema":"1a1c01bbd47fc00a2c39e90264f33305004495a9","hash":"859504a47580bb6da393ca7ed717531769c2a97f"}
,"C:\\Users\\CJ\\Documents\\CSE115A Assignments\\Pantry\\backend\\src\\db.js": {"path":"C:\\Users\\CJ\\Documents\\CSE115A Assignments\\Pantry\\backend\\src\\db.js","statementMap":{"0":{"start":{"line":2,"column":15},"end":{"line":2,"column":28}},"1":{"start":{"line":3,"column":13},"end":{"line":3,"column":30}},"2":{"start":{"line":5,"column":13},"end":{"line":11,"column":2}},"3":{"start":{"line":16,"column":0},"end":{"line":27,"column":2}},"4":{"start":{"line":17,"column":16},"end":{"line":20,"column":3}},"5":{"start":{"line":21,"column":17},"end":{"line":21,"column":40}},"6":{"start":{"line":22,"column":16},"end":{"line":22,"column":18}},"7":{"start":{"line":23,"column":2},"end":{"line":25,"column":3}},"8":{"start":{"line":24,"column":4},"end":{"line":24,"column":20}},"9":{"start":{"line":26,"column":2},"end":{"line":26,"column":15}},"10":{"start":{"line":29,"column":0},"end":{"line":40,"column":2}},"11":{"start":{"line":30,"column":21},"end":{"line":30,"column":23}},"12":{"start":{"line":31,"column":2},"end":{"line":31,"column":61}},"13":{"start":{"line":32,"column":17},"end":{"line":32,"column":66}},"14":{"start":{"line":33,"column":16},"end":{"line":36,"column":3}},"15":{"start":{"line":37,"column":17},"end":{"line":37,"column":40}},"16":{"start":{"line":38,"column":15},"end":{"line":38,"column":22}},"17":{"start":{"line":39,"column":2},"end":{"line":39,"column":14}},"18":{"start":{"line":42,"column":0},"end":{"line":51,"column":2}},"19":{"start":{"line":43,"column":17},"end":{"line":43,"column":67}},"20":{"start":{"line":44,"column":16},"end":{"line":47,"column":3}},"21":{"start":{"line":49,"column":17},"end":{"line":49,"column":40}},"22":{"start":{"line":50,"column":2},"end":{"line":50,"column":41}},"23":{"start":{"line":53,"column":0},"end":{"line":62,"column":2}},"24":{"start":{"line":54,"column":16},"end":{"line":54,"column":26}},"25":{"start":{"line":55,"column":16},"end":{"line":58,"column":3}},"26":{"start":{"line":59,"column":17},"end":{"line":59,"column":40}},"27":{"start":{"line":60,"column":15},"end":{"line":60,"column":22}},"28":{"start":{"line":61,"column":2},"end":{"line":61,"column":14}},"29":{"start":{"line":67,"column":0},"end":{"line":78,"column":2}},"30":{"start":{"line":68,"column":16},"end":{"line":71,"column":3}},"31":{"start":{"line":72,"column":17},"end":{"line":72,"column":40}},"32":{"start":{"line":73,"column":16},"end":{"line":73,"column":18}},"33":{"start":{"line":74,"column":2},"end":{"line":76,"column":3}},"34":{"start":{"line":75,"column":4},"end":{"line":75,"column":20}},"35":{"start":{"line":77,"column":2},"end":{"line":77,"column":15}},"36":{"start":{"line":80,"column":0},"end":{"line":94,"column":2}},"37":{"start":{"line":81,"column":17},"end":{"line":83,"column":22}},"38":{"start":{"line":84,"column":16},"end":{"line":87,"column":3}},"39":{"start":{"line":88,"column":17},"end":{"line":88,"column":40}},"40":{"start":{"line":89,"column":18},"end":{"line":89,"column":20}},"41":{"start":{"line":90,"column":2},"end":{"line":92,"column":3}},"42":{"start":{"line":91,"column":4},"end":{"line":91,"column":30}},"43":{"start":{"line":93,"column":2},"end":{"line":93,"column":17}},"44":{"start":{"line":96,"column":0},"end":{"line":109,"column":2}},"45":{"start":{"line":97,"column":17},"end":{"line":97,"column":60}},"46":{"start":{"line":97,"column":44},"end":{"line":97,"column":59}},"47":{"start":{"line":98,"column":17},"end":{"line":98,"column":78}},"48":{"start":{"line":99,"column":16},"end":{"line":102,"column":3}},"49":{"start":{"line":103,"column":17},"end":{"line":103,"column":40}},"50":{"start":{"line":104,"column":16},"end":{"line":104,"column":18}},"51":{"start":{"line":105,"column":2},"end":{"line":107,"column":3}},"52":{"start":{"line":106,"column":4},"end":{"line":106,"column":20}},"53":{"start":{"line":108,"column":2},"end":{"line":108,"column":15}},"54":{"start":{"line":111,"column":0},"end":{"line":119,"column":2}},"55":{"start":{"line":112,"column":16},"end":{"line":115,"column":3}},"56":{"start":{"line":116,"column":17},"end":{"line":116,"column":40}},"57":{"start":{"line":117,"column":15},"end":{"line":117,"column":22}},"58":{"start":{"line":118,"column":2},"end":{"line":118,"column":14}},"59":{"start":{"line":121,"column":0},"end":{"line":129,"column":2}},"60":{"start":{"line":122,"column":16},"end":{"line":125,"column":3}},"61":{"start":{"line":126,"column":17},"end":{"line":126,"column":40}},"62":{"start":{"line":127,"column":15},"end":{"line":127,"column":22}},"63":{"start":{"line":128,"column":2},"end":{"line":128,"column":14}},"64":{"start":{"line":131,"column":0},"end":{"line":144,"column":2}},"65":{"start":{"line":132,"column":18},"end":{"line":132,"column":31}},"66":{"start":{"line":133,"column":17},"end":{"line":133,"column":64}},"67":{"start":{"line":133,"column":48},"end":{"line":133,"column":63}},"68":{"start":{"line":134,"column":17},"end":{"line":136,"column":17}},"69":{"start":{"line":137,"column":16},"end":{"line":140,"column":3}},"70":{"start":{"line":139,"column":36},"end":{"line":139,"column":48}},"71":{"start":{"line":141,"column":17},"end":{"line":141,"column":40}},"72":{"start":{"line":142,"column":15},"end":{"line":142,"column":22}},"73":{"start":{"line":143,"column":2},"end":{"line":143,"column":14}},"74":{"start":{"line":146,"column":0},"end":{"line":153,"column":2}},"75":{"start":{"line":147,"column":17},"end":{"line":147,"column":50}},"76":{"start":{"line":148,"column":16},"end":{"line":151,"column":3}},"77":{"start":{"line":152,"column":2},"end":{"line":152,"column":26}},"78":{"start":{"line":155,"column":0},"end":{"line":166,"column":2}},"79":{"start":{"line":156,"column":17},"end":{"line":158,"column":17}},"80":{"start":{"line":159,"column":16},"end":{"line":162,"column":3}},"81":{"start":{"line":163,"column":17},"end":{"line":163,"column":40}},"82":{"start":{"line":164,"column":15},"end":{"line":164,"column":22}},"83":{"start":{"line":165,"column":2},"end":{"line":165,"column":14}},"84":{"start":{"line":168,"column":0},"end":{"line":182,"column":2}},"85":{"start":{"line":169,"column":17},"end":{"line":171,"column":23}},"86":{"start":{"line":172,"column":16},"end":{"line":175,"column":3}},"87":{"start":{"line":176,"column":17},"end":{"line":176,"column":40}},"88":{"start":{"line":177,"column":18},"end":{"line":177,"column":20}},"89":{"start":{"line":178,"column":2},"end":{"line":180,"column":3}},"90":{"start":{"line":179,"column":4},"end":{"line":179,"column":29}},"91":{"start":{"line":181,"column":2},"end":{"line":181,"column":17}},"92":{"start":{"line":184,"column":0},"end":{"line":197,"column":2}},"93":{"start":{"line":185,"column":17},"end":{"line":185,"column":60}},"94":{"start":{"line":185,"column":44},"end":{"line":185,"column":59}},"95":{"start":{"line":186,"column":17},"end":{"line":186,"column":78}},"96":{"start":{"line":187,"column":16},"end":{"line":190,"column":3}},"97":{"start":{"line":191,"column":17},"end":{"line":191,"column":40}},"98":{"start":{"line":192,"column":16},"end":{"line":192,"column":18}},"99":{"start":{"line":193,"column":2},"end":{"line":195,"column":3}},"100":{"start":{"line":194,"column":4},"end":{"line":194,"column":20}},"101":{"start":{"line":196,"column":2},"end":{"line":196,"column":15}},"102":{"start":{"line":199,"column":0},"end":{"line":210,"column":2}},"103":{"start":{"line":200,"column":16},"end":{"line":203,"column":3}},"104":{"start":{"line":204,"column":17},"end":{"line":204,"column":40}},"105":{"start":{"line":205,"column":23},"end":{"line":205,"column":25}},"106":{"start":{"line":206,"column":2},"end":{"line":208,"column":3}},"107":{"start":{"line":207,"column":4},"end":{"line":207,"column":27}},"108":{"start":{"line":209,"column":2},"end":{"line":209,"column":22}},"109":{"start":{"line":215,"column":0},"end":{"line":222,"column":2}},"110":{"start":{"line":216,"column":16},"end":{"line":219,"column":3}},"111":{"start":{"line":220,"column":17},"end":{"line":220,"column":40}},"112":{"start":{"line":221,"column":2},"end":{"line":221,"column":15}},"113":{"start":{"line":224,"column":0},"end":{"line":236,"column":2}},"114":{"start":{"line":225,"column":16},"end":{"line":228,"column":3}},"115":{"start":{"line":229,"column":17},"end":{"line":229,"column":40}},"116":{"start":{"line":230,"column":15},"end":{"line":230,"column":17}},"117":{"start":{"line":231,"column":2},"end":{"line":234,"column":3}},"118":{"start":{"line":232,"column":4},"end":{"line":232,"column":23}},"119":{"start":{"line":233,"column":4},"end":{"line":233,"column":19}},"120":{"start":{"line":235,"column":2},"end":{"line":235,"column":14}},"121":{"start":{"line":238,"column":0},"end":{"line":255,"column":2}},"122":{"start":{"line":239,"column":21},"end":{"line":239,"column":48}},"123":{"start":{"line":240,"column":2},"end":{"line":254,"column":3}},"124":{"start":{"line":242,"column":20},"end":{"line":242,"column":71}},"125":{"start":{"line":243,"column":19},"end":{"line":243,"column":66}},"126":{"start":{"line":243,"column":50},"end":{"line":243,"column":65}},"127":{"start":{"line":245,"column":19},"end":{"line":245,"column":101}},"128":{"start":{"line":246,"column":18},"end":{"line":249,"column":5}},"129":{"start":{"line":248,"column":38},"end":{"line":248,"column":50}},"130":{"start":{"line":250,"column":4},"end":{"line":250,"column":28}},"131":{"start":{"line":251,"column":4},"end":{"line":251,"column":15}},"132":{"start":{"line":253,"column":4},"end":{"line":253,"column":15}},"133":{"start":{"line":257,"column":0},"end":{"line":273,"column":2}},"134":{"start":{"line":258,"column":2},"end":{"line":258,"column":25}},"135":{"start":{"line":260,"column":18},"end":{"line":260,"column":80}},"136":{"start":{"line":261,"column":17},"end":{"line":261,"column":64}},"137":{"start":{"line":261,"column":48},"end":{"line":261,"column":63}},"138":{"start":{"line":262,"column":17},"end":{"line":264,"column":17}},"139":{"start":{"line":265,"column":16},"end":{"line":268,"column":3}},"140":{"start":{"line":267,"column":36},"end":{"line":267,"column":48}},"141":{"start":{"line":269,"column":17},"end":{"line":269,"column":40}},"142":{"start":{"line":270,"column":15},"end":{"line":270,"column":22}},"143":{"start":{"line":271,"column":2},"end":{"line":271,"column":22}},"144":{"start":{"line":272,"column":2},"end":{"line":272,"column":14}},"145":{"start":{"line":275,"column":0},"end":{"line":291,"column":2}},"146":{"start":{"line":277,"column":18},"end":{"line":277,"column":69}},"147":{"start":{"line":278,"column":15},"end":{"line":278,"column":74}},"148":{"start":{"line":278,"column":46},"end":{"line":278,"column":73}},"149":{"start":{"line":280,"column":17},"end":{"line":282,"column":17}},"150":{"start":{"line":283,"column":16},"end":{"line":286,"column":3}},"151":{"start":{"line":285,"column":36},"end":{"line":285,"column":48}},"152":{"start":{"line":287,"column":17},"end":{"line":287,"column":40}},"153":{"start":{"line":288,"column":15},"end":{"line":288,"column":22}},"154":{"start":{"line":289,"column":2},"end":{"line":289,"column":22}},"155":{"start":{"line":290,"column":2},"end":{"line":290,"column":14}},"156":{"start":{"line":293,"column":0},"end":{"line":300,"column":2}},"157":{"start":{"line":294,"column":17},"end":{"line":294,"column":49}},"158":{"start":{"line":295,"column":16},"end":{"line":298,"column":3}},"159":{"start":{"line":299,"column":2},"end":{"line":299,"column":26}}},"fnMap":{"0":{"name":"(anonymous_0)","decl":{"start":{"line":16,"column":22},"end":{"line":16,"column":23}},"loc":{"start":{"line":16,"column":34},"end":{"line":27,"column":1}},"line":16},"1":{"name":"(anonymous_1)","decl":{"start":{"line":29,"column":21},"end":{"line":29,"column":22}},"loc":{"start":{"line":29,"column":37},"end":{"line":40,"column":1}},"line":29},"2":{"name":"(anonymous_2)","decl":{"start":{"line":42,"column":21},"end":{"line":42,"column":22}},"loc":{"start":{"line":42,"column":38},"end":{"line":51,"column":1}},"line":42},"3":{"name":"(anonymous_3)","decl":{"start":{"line":53,"column":18},"end":{"line":53,"column":19}},"loc":{"start":{"line":53,"column":34},"end":{"line":62,"column":1}},"line":53},"4":{"name":"(anonymous_4)","decl":{"start":{"line":67,"column":22},"end":{"line":67,"column":23}},"loc":{"start":{"line":67,"column":34},"end":{"line":78,"column":1}},"line":67},"5":{"name":"(anonymous_5)","decl":{"start":{"line":80,"column":28},"end":{"line":80,"column":29}},"loc":{"start":{"line":80,"column":46},"end":{"line":94,"column":1}},"line":80},"6":{"name":"(anonymous_6)","decl":{"start":{"line":96,"column":24},"end":{"line":96,"column":25}},"loc":{"start":{"line":96,"column":43},"end":{"line":109,"column":1}},"line":96},"7":{"name":"(anonymous_7)","decl":{"start":{"line":97,"column":29},"end":{"line":97,"column":30}},"loc":{"start":{"line":97,"column":44},"end":{"line":97,"column":59}},"line":97},"8":{"name":"(anonymous_8)","decl":{"start":{"line":111,"column":19},"end":{"line":111,"column":20}},"loc":{"start":{"line":111,"column":37},"end":{"line":119,"column":1}},"line":111},"9":{"name":"(anonymous_9)","decl":{"start":{"line":121,"column":19},"end":{"line":121,"column":20}},"loc":{"start":{"line":121,"column":38},"end":{"line":129,"column":1}},"line":121},"10":{"name":"(anonymous_10)","decl":{"start":{"line":131,"column":21},"end":{"line":131,"column":22}},"loc":{"start":{"line":131,"column":37},"end":{"line":144,"column":1}},"line":131},"11":{"name":"(anonymous_11)","decl":{"start":{"line":133,"column":29},"end":{"line":133,"column":30}},"loc":{"start":{"line":133,"column":48},"end":{"line":133,"column":63}},"line":133},"12":{"name":"(anonymous_12)","decl":{"start":{"line":139,"column":24},"end":{"line":139,"column":25}},"loc":{"start":{"line":139,"column":36},"end":{"line":139,"column":48}},"line":139},"13":{"name":"(anonymous_13)","decl":{"start":{"line":146,"column":21},"end":{"line":146,"column":22}},"loc":{"start":{"line":146,"column":35},"end":{"line":153,"column":1}},"line":146},"14":{"name":"(anonymous_14)","decl":{"start":{"line":155,"column":29},"end":{"line":155,"column":30}},"loc":{"start":{"line":155,"column":56},"end":{"line":166,"column":1}},"line":155},"15":{"name":"(anonymous_15)","decl":{"start":{"line":168,"column":28},"end":{"line":168,"column":29}},"loc":{"start":{"line":168,"column":47},"end":{"line":182,"column":1}},"line":168},"16":{"name":"(anonymous_16)","decl":{"start":{"line":184,"column":24},"end":{"line":184,"column":25}},"loc":{"start":{"line":184,"column":43},"end":{"line":197,"column":1}},"line":184},"17":{"name":"(anonymous_17)","decl":{"start":{"line":185,"column":29},"end":{"line":185,"column":30}},"loc":{"start":{"line":185,"column":44},"end":{"line":185,"column":59}},"line":185},"18":{"name":"(anonymous_18)","decl":{"start":{"line":199,"column":29},"end":{"line":199,"column":30}},"loc":{"start":{"line":199,"column":41},"end":{"line":210,"column":1}},"line":199},"19":{"name":"(anonymous_19)","decl":{"start":{"line":215,"column":21},"end":{"line":215,"column":22}},"loc":{"start":{"line":215,"column":37},"end":{"line":222,"column":1}},"line":215},"20":{"name":"(anonymous_20)","decl":{"start":{"line":224,"column":27},"end":{"line":224,"column":28}},"loc":{"start":{"line":224,"column":46},"end":{"line":236,"column":1}},"line":224},"21":{"name":"(anonymous_21)","decl":{"start":{"line":238,"column":21},"end":{"line":238,"column":22}},"loc":{"start":{"line":238,"column":37},"end":{"line":255,"column":1}},"line":238},"22":{"name":"(anonymous_22)","decl":{"start":{"line":243,"column":31},"end":{"line":243,"column":32}},"loc":{"start":{"line":243,"column":50},"end":{"line":243,"column":65}},"line":243},"23":{"name":"(anonymous_23)","decl":{"start":{"line":248,"column":26},"end":{"line":248,"column":27}},"loc":{"start":{"line":248,"column":38},"end":{"line":248,"column":50}},"line":248},"24":{"name":"(anonymous_24)","decl":{"start":{"line":257,"column":27},"end":{"line":257,"column":28}},"loc":{"start":{"line":257,"column":52},"end":{"line":273,"column":1}},"line":257},"25":{"name":"(anonymous_25)","decl":{"start":{"line":261,"column":29},"end":{"line":261,"column":30}},"loc":{"start":{"line":261,"column":48},"end":{"line":261,"column":63}},"line":261},"26":{"name":"(anonymous_26)","decl":{"start":{"line":267,"column":24},"end":{"line":267,"column":25}},"loc":{"start":{"line":267,"column":36},"end":{"line":267,"column":48}},"line":267},"27":{"name":"(anonymous_27)","decl":{"start":{"line":275,"column":21},"end":{"line":275,"column":22}},"loc":{"start":{"line":275,"column":41},"end":{"line":291,"column":1}},"line":275},"28":{"name":"(anonymous_28)","decl":{"start":{"line":278,"column":27},"end":{"line":278,"column":28}},"loc":{"start":{"line":278,"column":46},"end":{"line":278,"column":73}},"line":278},"29":{"name":"(anonymous_29)","decl":{"start":{"line":285,"column":24},"end":{"line":285,"column":25}},"loc":{"start":{"line":285,"column":36},"end":{"line":285,"column":48}},"line":285},"30":{"name":"(anonymous_30)","decl":{"start":{"line":293,"column":21},"end":{"line":293,"column":22}},"loc":{"start":{"line":293,"column":35},"end":{"line":300,"column":1}},"line":293}},"branchMap":{"0":{"loc":{"start":{"line":50,"column":9},"end":{"line":50,"column":40}},"type":"cond-expr","locations":[{"start":{"line":50,"column":28},"end":{"line":50,"column":32}},{"start":{"line":50,"column":35},"end":{"line":50,"column":40}}],"line":50},"1":{"loc":{"start":{"line":240,"column":2},"end":{"line":254,"column":3}},"type":"if","locations":[{"start":{"line":240,"column":2},"end":{"line":254,"column":3}},{"start":{"line":252,"column":9},"end":{"line":254,"column":3}}],"line":240}},"s":{"0":2,"1":2,"2":2,"3":2,"4":1,"5":1,"6":1,"7":1,"8":2,"9":1,"10":2,"11":1,"12":1,"13":1,"14":1,"15":1,"16":1,"17":1,"18":2,"19":2,"20":2,"21":2,"22":2,"23":2,"24":18,"25":18,"26":18,"27":18,"28":18,"29":2,"30":0,"31":0,"32":0,"33":0,"34":0,"35":0,"36":2,"37":1,"38":1,"39":1,"40":1,"41":1,"42":1,"43":1,"44":2,"45":1,"46":1,"47":1,"48":1,"49":1,"50":1,"51":1,"52":1,"53":1,"54":2,"55":3,"56":3,"57":3,"58":3,"59":2,"60":3,"61":3,"62":3,"63":3,"64":2,"65":1,"66":1,"67":1,"68":1,"69":1,"70":1,"71":1,"72":1,"73":1,"74":2,"75":0,"76":0,"77":0,"78":2,"79":2,"80":2,"81":2,"82":2,"83":2,"84":2,"85":0,"86":0,"87":0,"88":0,"89":0,"90":0,"91":0,"92":2,"93":0,"94":0,"95":0,"96":0,"97":0,"98":0,"99":0,"100":0,"101":0,"102":2,"103":1,"104":1,"105":1,"106":1,"107":2,"108":1,"109":2,"110":1,"111":1,"112":1,"113":2,"114":1,"115":1,"116":1,"117":1,"118":1,"119":1,"120":1,"121":2,"122":2,"123":2,"124":2,"125":2,"126":10,"127":2,"128":2,"129":10,"130":2,"131":2,"132":0,"133":2,"134":1,"135":1,"136":1,"137":6,"138":1,"139":1,"140":6,"141":1,"142":1,"143":1,"144":1,"145":2,"146":0,"147":0,"148":0,"149":0,"150":0,"151":0,"152":0,"153":0,"154":0,"155":0,"156":2,"157":1,"158":1,"159":1},"f":{"0":1,"1":1,"2":2,"3":18,"4":0,"5":1,"6":1,"7":1,"8":3,"9":3,"10":1,"11":1,"12":1,"13":0,"14":2,"15":0,"16":0,"17":0,"18":1,"19":1,"20":1,"21":2,"22":10,"23":10,"24":1,"25":6,"26":6,"27":0,"28":0,"29":0,"30":1},"b":{"0":[0,2],"1":[2,0]},"_coverageSchema":"1a1c01bbd47fc00a2c39e90264f33305004495a9","hash":"2fc84abd4453eaea32645bf041c86a4636292b32"}
,"C:\\Users\\CJ\\Documents\\CSE115A Assignments\\Pantry\\backend\\src\\dummy.js": {"path":"C:\\Users\\CJ\\Documents\\CSE115A Assignments\\Pantry\\backend\\src\\dummy.js","statementMap":{"0":{"start":{"line":1,"column":15},"end":{"line":1,"column":28}},"1":{"start":{"line":3,"column":13},"end":{"line":9,"column":2}},"2":{"start":{"line":11,"column":20},"end":{"line":19,"column":1}},"3":{"start":{"line":12,"column":17},"end":{"line":12,"column":38}},"4":{"start":{"line":13,"column":16},"end":{"line":16,"column":3}},"5":{"start":{"line":17,"column":17},"end":{"line":17,"column":40}},"6":{"start":{"line":18,"column":2},"end":{"line":18,"column":25}},"7":{"start":{"line":21,"column":0},"end":{"line":25,"column":2}},"8":{"start":{"line":22,"column":2},"end":{"line":24,"column":52}}},"fnMap":{"0":{"name":"(anonymous_0)","decl":{"start":{"line":11,"column":20},"end":{"line":11,"column":21}},"loc":{"start":{"line":11,"column":32},"end":{"line":19,"column":1}},"line":11},"1":{"name":"(anonymous_1)","decl":{"start":{"line":21,"column":14},"end":{"line":21,"column":15}},"loc":{"start":{"line":21,"column":34},"end":{"line":25,"column":1}},"line":21}},"branchMap":{},"s":{"0":2,"1":2,"2":2,"3":1,"4":1,"5":1,"6":1,"7":2,"8":1},"f":{"0":1,"1":1},"b":{},"_coverageSchema":"1a1c01bbd47fc00a2c39e90264f33305004495a9","hash":"f4629adf9961f08092089da4ed024e8fbaff0515"}
,"C:\\Users\\CJ\\Documents\\CSE115A Assignments\\Pantry\\backend\\src\\food.js": {"path":"C:\\Users\\CJ\\Documents\\CSE115A Assignments\\Pantry\\backend\\src\\food.js","statementMap":{"0":{"start":{"line":1,"column":11},"end":{"line":1,"column":26}},"1":{"start":{"line":4,"column":0},"end":{"line":7,"column":2}},"2":{"start":{"line":5,"column":16},"end":{"line":5,"column":45}},"3":{"start":{"line":6,"column":2},"end":{"line":6,"column":30}},"4":{"start":{"line":10,"column":0},"end":{"line":18,"column":2}},"5":{"start":{"line":11,"column":15},"end":{"line":11,"column":52}},"6":{"start":{"line":12,"column":2},"end":{"line":15,"column":3}},"7":{"start":{"line":13,"column":4},"end":{"line":13,"column":27}},"8":{"start":{"line":14,"column":4},"end":{"line":14,"column":11}},"9":{"start":{"line":16,"column":15},"end":{"line":16,"column":60}},"10":{"start":{"line":17,"column":2},"end":{"line":17,"column":29}},"11":{"start":{"line":21,"column":0},"end":{"line":28,"column":2}},"12":{"start":{"line":22,"column":18},"end":{"line":22,"column":47}},"13":{"start":{"line":23,"column":2},"end":{"line":27,"column":3}},"14":{"start":{"line":24,"column":6},"end":{"line":24,"column":37}},"15":{"start":{"line":26,"column":6},"end":{"line":26,"column":29}},"16":{"start":{"line":31,"column":0},"end":{"line":39,"column":2}},"17":{"start":{"line":32,"column":15},"end":{"line":32,"column":52}},"18":{"start":{"line":33,"column":2},"end":{"line":36,"column":3}},"19":{"start":{"line":34,"column":4},"end":{"line":34,"column":27}},"20":{"start":{"line":35,"column":4},"end":{"line":35,"column":11}},"21":{"start":{"line":37,"column":15},"end":{"line":37,"column":70}},"22":{"start":{"line":38,"column":2},"end":{"line":38,"column":29}},"23":{"start":{"line":41,"column":0},"end":{"line":44,"column":2}},"24":{"start":{"line":42,"column":15},"end":{"line":42,"column":59}},"25":{"start":{"line":43,"column":2},"end":{"line":43,"column":29}},"26":{"start":{"line":46,"column":0},"end":{"line":49,"column":2}},"27":{"start":{"line":47,"column":2},"end":{"line":47,"column":37}},"28":{"start":{"line":48,"column":2},"end":{"line":48,"column":25}}},"fnMap":{"0":{"name":"(anonymous_0)","decl":{"start":{"line":4,"column":18},"end":{"line":4,"column":19}},"loc":{"start":{"line":4,"column":38},"end":{"line":7,"column":1}},"line":4},"1":{"name":"(anonymous_1)","decl":{"start":{"line":10,"column":24},"end":{"line":10,"column":25}},"loc":{"start":{"line":10,"column":44},"end":{"line":18,"column":1}},"line":10},"2":{"name":"(anonymous_2)","decl":{"start":{"line":21,"column":19},"end":{"line":21,"column":20}},"loc":{"start":{"line":21,"column":39},"end":{"line":28,"column":1}},"line":21},"3":{"name":"(anonymous_3)","decl":{"start":{"line":31,"column":25},"end":{"line":31,"column":26}},"loc":{"start":{"line":31,"column":45},"end":{"line":39,"column":1}},"line":31},"4":{"name":"(anonymous_4)","decl":{"start":{"line":41,"column":18},"end":{"line":41,"column":19}},"loc":{"start":{"line":41,"column":38},"end":{"line":44,"column":1}},"line":41},"5":{"name":"(anonymous_5)","decl":{"start":{"line":46,"column":21},"end":{"line":46,"column":22}},"loc":{"start":{"line":46,"column":41},"end":{"line":49,"column":1}},"line":46}},"branchMap":{"0":{"loc":{"start":{"line":12,"column":2},"end":{"line":15,"column":3}},"type":"if","locations":[{"start":{"line":12,"column":2},"end":{"line":15,"column":3}},{"start":{},"end":{}}],"line":12},"1":{"loc":{"start":{"line":23,"column":2},"end":{"line":27,"column":3}},"type":"if","locations":[{"start":{"line":23,"column":2},"end":{"line":27,"column":3}},{"start":{"line":25,"column":9},"end":{"line":27,"column":3}}],"line":23},"2":{"loc":{"start":{"line":33,"column":2},"end":{"line":36,"column":3}},"type":"if","locations":[{"start":{"line":33,"column":2},"end":{"line":36,"column":3}},{"start":{},"end":{}}],"line":33}},"s":{"0":2,"1":2,"2":1,"3":1,"4":2,"5":1,"6":1,"7":0,"8":0,"9":1,"10":1,"11":2,"12":2,"13":2,"14":2,"15":0,"16":2,"17":1,"18":1,"19":0,"20":0,"21":1,"22":1,"23":2,"24":0,"25":0,"26":2,"27":1,"28":1},"f":{"0":1,"1":1,"2":2,"3":1,"4":0,"5":1},"b":{"0":[0,1],"1":[2,0],"2":[0,1]},"_coverageSchema":"1a1c01bbd47fc00a2c39e90264f33305004495a9","hash":"079b54a48f1d01babc3859928f522a6d55fb66f3"}
,"C:\\Users\\CJ\\Documents\\CSE115A Assignments\\Pantry\\backend\\src\\lists.js": {"path":"C:\\Users\\CJ\\Documents\\CSE115A Assignments\\Pantry\\backend\\src\\lists.js","statementMap":{"0":{"start":{"line":1,"column":11},"end":{"line":1,"column":26}},"1":{"start":{"line":3,"column":0},"end":{"line":6,"column":2}},"2":{"start":{"line":4,"column":16},"end":{"line":4,"column":38}},"3":{"start":{"line":5,"column":2},"end":{"line":5,"column":30}},"4":{"start":{"line":9,"column":0},"end":{"line":22,"column":2}},"5":{"start":{"line":10,"column":15},"end":{"line":10,"column":51}},"6":{"start":{"line":11,"column":2},"end":{"line":14,"column":3}},"7":{"start":{"line":12,"column":4},"end":{"line":12,"column":27}},"8":{"start":{"line":13,"column":4},"end":{"line":13,"column":11}},"9":{"start":{"line":15,"column":18},"end":{"line":15,"column":63}},"10":{"start":{"line":16,"column":2},"end":{"line":19,"column":3}},"11":{"start":{"line":17,"column":4},"end":{"line":17,"column":29}},"12":{"start":{"line":18,"column":4},"end":{"line":18,"column":11}},"13":{"start":{"line":20,"column":16},"end":{"line":20,"column":47}},"14":{"start":{"line":21,"column":2},"end":{"line":21,"column":30}},"15":{"start":{"line":25,"column":0},"end":{"line":34,"column":2}},"16":{"start":{"line":26,"column":15},"end":{"line":26,"column":51}},"17":{"start":{"line":27,"column":2},"end":{"line":30,"column":3}},"18":{"start":{"line":28,"column":4},"end":{"line":28,"column":27}},"19":{"start":{"line":29,"column":4},"end":{"line":29,"column":11}},"20":{"start":{"line":31,"column":18},"end":{"line":31,"column":47}},"21":{"start":{"line":32,"column":15},"end":{"line":32,"column":73}},"22":{"start":{"line":33,"column":2},"end":{"line":33,"column":32}},"23":{"start":{"line":37,"column":0},"end":{"line":50,"column":2}},"24":{"start":{"line":38,"column":15},"end":{"line":38,"column":52}},"25":{"start":{"line":39,"column":2},"end":{"line":42,"column":3}},"26":{"start":{"line":40,"column":4},"end":{"line":40,"column":27}},"27":{"start":{"line":41,"column":4},"end":{"line":41,"column":11}},"28":{"start":{"line":43,"column":18},"end":{"line":43,"column":64}},"29":{"start":{"line":44,"column":2},"end":{"line":47,"column":3}},"30":{"start":{"line":45,"column":4},"end":{"line":45,"column":29}},"31":{"start":{"line":46,"column":4},"end":{"line":46,"column":11}},"32":{"start":{"line":48,"column":16},"end":{"line":48,"column":47}},"33":{"start":{"line":49,"column":2},"end":{"line":49,"column":30}},"34":{"start":{"line":52,"column":0},"end":{"line":55,"column":2}},"35":{"start":{"line":53,"column":23},"end":{"line":53,"column":52}},"36":{"start":{"line":54,"column":2},"end":{"line":54,"column":37}},"37":{"start":{"line":57,"column":0},"end":{"line":70,"column":2}},"38":{"start":{"line":58,"column":15},"end":{"line":58,"column":49}},"39":{"start":{"line":59,"column":2},"end":{"line":62,"column":3}},"40":{"start":{"line":60,"column":4},"end":{"line":60,"column":27}},"41":{"start":{"line":61,"column":4},"end":{"line":61,"column":11}},"42":{"start":{"line":63,"column":15},"end":{"line":63,"column":50}},"43":{"start":{"line":64,"column":2},"end":{"line":67,"column":3}},"44":{"start":{"line":65,"column":4},"end":{"line":65,"column":27}},"45":{"start":{"line":66,"column":4},"end":{"line":66,"column":11}},"46":{"start":{"line":68,"column":15},"end":{"line":68,"column":77}},"47":{"start":{"line":69,"column":2},"end":{"line":69,"column":29}},"48":{"start":{"line":72,"column":0},"end":{"line":75,"column":1}},"49":{"start":{"line":73,"column":2},"end":{"line":73,"column":42}},"50":{"start":{"line":74,"column":2},"end":{"line":74,"column":25}}},"fnMap":{"0":{"name":"(anonymous_0)","decl":{"start":{"line":3,"column":19},"end":{"line":3,"column":20}},"loc":{"start":{"line":3,"column":39},"end":{"line":6,"column":1}},"line":3},"1":{"name":"(anonymous_1)","decl":{"start":{"line":9,"column":24},"end":{"line":9,"column":25}},"loc":{"start":{"line":9,"column":44},"end":{"line":22,"column":1}},"line":9},"2":{"name":"(anonymous_2)","decl":{"start":{"line":25,"column":18},"end":{"line":25,"column":19}},"loc":{"start":{"line":25,"column":38},"end":{"line":34,"column":1}},"line":25},"3":{"name":"(anonymous_3)","decl":{"start":{"line":37,"column":24},"end":{"line":37,"column":25}},"loc":{"start":{"line":37,"column":44},"end":{"line":50,"column":1}},"line":37},"4":{"name":"(anonymous_4)","decl":{"start":{"line":52,"column":26},"end":{"line":52,"column":27}},"loc":{"start":{"line":52,"column":46},"end":{"line":55,"column":1}},"line":52},"5":{"name":"(anonymous_5)","decl":{"start":{"line":57,"column":26},"end":{"line":57,"column":27}},"loc":{"start":{"line":57,"column":46},"end":{"line":70,"column":1}},"line":57},"6":{"name":"(anonymous_6)","decl":{"start":{"line":72,"column":21},"end":{"line":72,"column":22}},"loc":{"start":{"line":72,"column":41},"end":{"line":75,"column":1}},"line":72}},"branchMap":{"0":{"loc":{"start":{"line":11,"column":2},"end":{"line":14,"column":3}},"type":"if","locations":[{"start":{"line":11,"column":2},"end":{"line":14,"column":3}},{"start":{},"end":{}}],"line":11},"1":{"loc":{"start":{"line":16,"column":2},"end":{"line":19,"column":3}},"type":"if","locations":[{"start":{"line":16,"column":2},"end":{"line":19,"column":3}},{"start":{},"end":{}}],"line":16},"2":{"loc":{"start":{"line":27,"column":2},"end":{"line":30,"column":3}},"type":"if","locations":[{"start":{"line":27,"column":2},"end":{"line":30,"column":3}},{"start":{},"end":{}}],"line":27},"3":{"loc":{"start":{"line":39,"column":2},"end":{"line":42,"column":3}},"type":"if","locations":[{"start":{"line":39,"column":2},"end":{"line":42,"column":3}},{"start":{},"end":{}}],"line":39},"4":{"loc":{"start":{"line":44,"column":2},"end":{"line":47,"column":3}},"type":"if","locations":[{"start":{"line":44,"column":2},"end":{"line":47,"column":3}},{"start":{},"end":{}}],"line":44},"5":{"loc":{"start":{"line":59,"column":2},"end":{"line":62,"column":3}},"type":"if","locations":[{"start":{"line":59,"column":2},"end":{"line":62,"column":3}},{"start":{},"end":{}}],"line":59},"6":{"loc":{"start":{"line":64,"column":2},"end":{"line":67,"column":3}},"type":"if","locations":[{"start":{"line":64,"column":2},"end":{"line":67,"column":3}},{"start":{},"end":{}}],"line":64}},"s":{"0":2,"1":2,"2":0,"3":0,"4":2,"5":1,"6":1,"7":0,"8":0,"9":1,"10":1,"11":0,"12":0,"13":1,"14":1,"15":2,"16":1,"17":1,"18":0,"19":0,"20":1,"21":1,"22":1,"23":2,"24":0,"25":0,"26":0,"27":0,"28":0,"29":0,"30":0,"31":0,"32":0,"33":0,"34":2,"35":1,"36":1,"37":2,"38":1,"39":1,"40":0,"41":0,"42":1,"43":1,"44":0,"45":0,"46":1,"47":1,"48":2,"49":0,"50":0},"f":{"0":0,"1":1,"2":1,"3":0,"4":1,"5":1,"6":0},"b":{"0":[0,1],"1":[0,1],"2":[0,1],"3":[0,0],"4":[0,0],"5":[0,1],"6":[0,1]},"_coverageSchema":"1a1c01bbd47fc00a2c39e90264f33305004495a9","hash":"d42f7b9e047914fc2135e741e03ad700af245c3f"}
,"C:\\Users\\CJ\\Documents\\CSE115A Assignments\\Pantry\\backend\\src\\users.js": {"path":"C:\\Users\\CJ\\Documents\\CSE115A Assignments\\Pantry\\backend\\src\\users.js","statementMap":{"0":{"start":{"line":2,"column":11},"end":{"line":2,"column":26}},"1":{"start":{"line":4,"column":0},"end":{"line":7,"column":2}},"2":{"start":{"line":5,"column":16},"end":{"line":5,"column":38}},"3":{"start":{"line":6,"column":2},"end":{"line":6,"column":30}},"4":{"start":{"line":9,"column":0},"end":{"line":17,"column":2}},"5":{"start":{"line":10,"column":19},"end":{"line":10,"column":45}},"6":{"start":{"line":11,"column":2},"end":{"line":14,"column":3}},"7":{"start":{"line":12,"column":4},"end":{"line":12,"column":49}},"8":{"start":{"line":13,"column":4},"end":{"line":13,"column":11}},"9":{"start":{"line":15,"column":15},"end":{"line":15,"column":44}},"10":{"start":{"line":16,"column":2},"end":{"line":16,"column":29}}},"fnMap":{"0":{"name":"(anonymous_0)","decl":{"start":{"line":4,"column":19},"end":{"line":4,"column":20}},"loc":{"start":{"line":4,"column":39},"end":{"line":7,"column":1}},"line":4},"1":{"name":"(anonymous_1)","decl":{"start":{"line":9,"column":19},"end":{"line":9,"column":20}},"loc":{"start":{"line":9,"column":39},"end":{"line":17,"column":1}},"line":9}},"branchMap":{"0":{"loc":{"start":{"line":11,"column":2},"end":{"line":14,"column":3}},"type":"if","locations":[{"start":{"line":11,"column":2},"end":{"line":14,"column":3}},{"start":{},"end":{}}],"line":11}},"s":{"0":2,"1":2,"2":1,"3":1,"4":2,"5":1,"6":1,"7":0,"8":0,"9":1,"10":1},"f":{"0":1,"1":1},"b":{"0":[0,1]},"_coverageSchema":"1a1c01bbd47fc00a2c39e90264f33305004495a9","hash":"dd05465b38f69a38d2637c15fdcc8b02fda79167"}
,"C:\\Users\\CJ\\Documents\\CSE115A Assignments\\Pantry\\backend\\src\\__tests__\\db.js": {"path":"C:\\Users\\CJ\\Documents\\CSE115A Assignments\\Pantry\\backend\\src\\__tests__\\db.js","statementMap":{"0":{"start":{"line":5,"column":11},"end":{"line":5,"column":24}},"1":{"start":{"line":6,"column":15},"end":{"line":6,"column":28}},"2":{"start":{"line":8,"column":0},"end":{"line":8,"column":27}},"3":{"start":{"line":9,"column":0},"end":{"line":9,"column":31}},"4":{"start":{"line":11,"column":13},"end":{"line":17,"column":2}},"5":{"start":{"line":19,"column":12},"end":{"line":25,"column":1}},"6":{"start":{"line":20,"column":18},"end":{"line":20,"column":47}},"7":{"start":{"line":21,"column":21},"end":{"line":21,"column":43}},"8":{"start":{"line":22,"column":2},"end":{"line":24,"column":3}},"9":{"start":{"line":23,"column":4},"end":{"line":23,"column":32}},"10":{"start":{"line":27,"column":0},"end":{"line":31,"column":2}},"11":{"start":{"line":28,"column":2},"end":{"line":28,"column":30}},"12":{"start":{"line":29,"column":2},"end":{"line":29,"column":28}},"13":{"start":{"line":30,"column":2},"end":{"line":30,"column":31}}},"fnMap":{"0":{"name":"(anonymous_0)","decl":{"start":{"line":19,"column":12},"end":{"line":19,"column":13}},"loc":{"start":{"line":19,"column":28},"end":{"line":25,"column":1}},"line":19},"1":{"name":"(anonymous_1)","decl":{"start":{"line":27,"column":16},"end":{"line":27,"column":17}},"loc":{"start":{"line":27,"column":28},"end":{"line":31,"column":1}},"line":27}},"branchMap":{},"s":{"0":2,"1":2,"2":2,"3":2,"4":2,"5":2,"6":6,"7":6,"8":6,"9":58,"10":2,"11":2,"12":2,"13":2},"f":{"0":6,"1":2},"b":{},"_coverageSchema":"1a1c01bbd47fc00a2c39e90264f33305004495a9","hash":"9655befcaa4e581debc643c13c7c0804226299ab"}
}
