TN:
SF:src\app.js
FN:47,(anonymous_0)
FNF:1
FNH:1
FNDA:3,(anonymous_0)
DA:1,2
DA:2,2
DA:3,2
DA:4,2
DA:5,2
DA:6,2
DA:7,2
DA:9,2
DA:10,2
DA:11,2
DA:12,2
DA:14,2
DA:15,2
DA:16,2
DA:17,2
DA:19,2
DA:21,2
DA:22,2
DA:24,2
DA:26,2
DA:34,2
DA:38,2
DA:39,2
DA:42,2
DA:43,2
DA:44,2
DA:45,2
DA:47,2
DA:48,3
DA:55,2
LF:30
LH:30
BRF:0
BRH:0
end_of_record
TN:
SF:src\auth.js
FN:15,(anonymous_0)
FN:31,(anonymous_1)
FN:35,(anonymous_2)
FNF:3
FNH:3
FNDA:9,(anonymous_0)
FNDA:2,(anonymous_1)
FNDA:2,(anonymous_2)
DA:1,2
DA:2,2
DA:3,2
DA:4,2
DA:5,2
DA:7,2
DA:15,2
DA:16,9
DA:18,9
DA:19,8
DA:25,8
DA:27,1
DA:31,2
DA:32,2
DA:33,2
DA:34,2
DA:35,2
DA:36,2
DA:37,0
DA:39,2
DA:40,2
DA:43,0
LF:22
LH:20
BRDA:18,0,0,8
BRDA:18,0,1,1
BRDA:18,1,0,9
BRDA:18,1,1,8
BRDA:33,2,0,2
BRDA:33,2,1,0
BRDA:36,3,0,0
BRDA:36,3,1,2
BRF:8
BRH:6
end_of_record
TN:
SF:src\db.js
FN:13,(anonymous_0)
FN:32,(anonymous_1)
FN:43,(anonymous_2)
FN:52,(anonymous_3)
FN:62,(anonymous_4)
FN:71,(anonymous_5)
FN:76,(anonymous_6)
FN:81,(anonymous_7)
FN:90,(anonymous_8)
FN:93,(anonymous_9)
FN:99,(anonymous_10)
FN:106,(anonymous_11)
FNF:12
FNH:8
FNDA:1,(anonymous_0)
FNDA:2,(anonymous_1)
FNDA:1,(anonymous_2)
FNDA:9,(anonymous_3)
FNDA:1,(anonymous_4)
FNDA:1,(anonymous_5)
FNDA:5,(anonymous_6)
FNDA:5,(anonymous_7)
FNDA:0,(anonymous_8)
FNDA:0,(anonymous_9)
FNDA:0,(anonymous_10)
FNDA:0,(anonymous_11)
DA:2,2
DA:3,2
DA:5,2
DA:13,2
DA:14,1
DA:16,1
DA:17,1
DA:18,1
DA:19,1
DA:20,1
DA:25,1
DA:26,1
DA:28,0
DA:32,2
DA:33,2
DA:34,2
DA:39,2
DA:40,2
DA:43,2
DA:44,1
DA:48,1
DA:49,1
DA:52,2
DA:53,9
DA:54,9
DA:58,9
DA:59,9
DA:62,2
DA:63,1
DA:67,1
DA:68,1
DA:71,2
DA:72,1
DA:73,1
DA:75,1
DA:76,5
DA:78,1
DA:79,1
DA:81,5
DA:83,1
DA:84,1
DA:86,0
DA:90,2
DA:92,0
DA:93,0
DA:94,0
DA:96,0
DA:97,0
DA:99,0
DA:102,0
DA:103,0
DA:106,2
DA:107,0
DA:108,0
DA:109,0
DA:113,0
LF:56
LH:42
BRDA:16,0,0,1
BRDA:16,0,1,0
BRDA:40,1,0,0
BRDA:40,1,1,2
BRDA:73,2,0,1
BRDA:73,2,1,0
BRF:6
BRH:3
end_of_record
TN:
SF:src\dummy.js
FN:11,(anonymous_0)
FN:21,(anonymous_1)
FNF:2
FNH:2
FNDA:1,(anonymous_0)
FNDA:1,(anonymous_1)
DA:1,2
DA:3,2
DA:11,2
DA:12,1
DA:13,1
DA:17,1
DA:18,1
DA:21,2
DA:22,1
LF:9
LH:9
BRF:0
BRH:0
end_of_record
TN:
SF:src\food.js
FN:3,(anonymous_0)
FN:8,(anonymous_1)
FN:17,(anonymous_2)
FN:22,(anonymous_3)
FNF:4
FNH:2
FNDA:1,(anonymous_0)
FNDA:1,(anonymous_1)
FNDA:0,(anonymous_2)
FNDA:0,(anonymous_3)
DA:1,2
DA:3,2
DA:4,1
DA:5,1
DA:8,2
DA:9,1
DA:10,1
DA:11,1
DA:13,0
DA:17,2
DA:18,0
DA:19,0
DA:22,2
DA:23,0
DA:24,0
LF:15
LH:10
BRDA:10,0,0,1
BRDA:10,0,1,0
BRF:2
BRH:1
end_of_record
TN:
SF:src\users.js
FN:4,(anonymous_0)
FN:13,(anonymous_1)
FNF:2
FNH:2
FNDA:1,(anonymous_0)
FNDA:1,(anonymous_1)
DA:2,2
DA:4,2
DA:5,1
DA:6,1
DA:7,1
DA:9,0
DA:13,2
DA:14,1
DA:16,1
LF:9
LH:8
BRDA:6,0,0,1
BRDA:6,0,1,0
BRF:2
BRH:1
end_of_record
TN:
SF:src\__tests__\db.js
FN:19,(anonymous_0)
FN:27,(anonymous_1)
FNF:2
FNH:2
FNDA:6,(anonymous_0)
FNDA:2,(anonymous_1)
DA:5,2
DA:6,2
DA:8,2
DA:9,2
DA:11,2
DA:19,2
DA:20,6
DA:21,6
DA:22,6
DA:23,54
DA:27,2
DA:28,2
DA:29,2
DA:30,2
LF:14
LH:14
BRF:0
BRH:0
end_of_record
